Unable to init server: Could not connect: Connection refused
Unable to init server: Could not connect: Connection refused

(analysis.py:17551): Gdk-CRITICAL **: 15:52:34.350: gdk_cursor_new_for_display: assertion 'GDK_IS_DISPLAY (display)' failed
1 datafly {'dm': 0.4666666666666667, 'cm': 0.5553789083200847, 'entropy': 0.7064957820185369, 'acc': 0.35185185185185186}
1 mondrian {'dm': 0.8, 'cm': 0.4462109167991521, 'entropy': 0.4472577991438915, 'acc': 0.48677248677248675}
2 datafly {'dm': 0.4666666666666667, 'cm': 0.5315315315315315, 'entropy': 0.6814090409222198, 'acc': 0.3201058201058201}
2 mondrian {'dm': 0.8333333333333334, 'cm': 0.4758876523582406, 'entropy': 0.4938734616726556, 'acc': 0.42857142857142855}
3 datafly {'dm': 0.4, 'cm': 0.5527291997880233, 'entropy': 0.7279202405619292, 'acc': 0.4365079365079365}
3 mondrian {'dm': 0.8333333333333334, 'cm': 0.43084260731319557, 'entropy': 0.4293612216137347, 'acc': 0.3915343915343915}
4 datafly {'dm': 0.3333333333333333, 'cm': 0.5728669846316905, 'entropy': 0.753819625608721, 'acc': 0.3783068783068783}
4 mondrian {'dm': 0.8666666666666667, 'cm': 0.3958664546899841, 'entropy': 0.37719076687661995, 'acc': 0.4947089947089947}
5 datafly {'dm': 0.3333333333333333, 'cm': 0.5786963434022258, 'entropy': 0.8008228203507648, 'acc': 0.36507936507936506}
5 mondrian {'dm': 0.8, 'cm': 0.47058823529411764, 'entropy': 0.5043029559571385, 'acc': 0.35714285714285715}
6 datafly {'dm': 0.4666666666666667, 'cm': 0.5209326974032856, 'entropy': 0.7238520235279341, 'acc': 0.3333333333333333}
6 mondrian {'dm': 0.8333333333333334, 'cm': 0.4138844727080021, 'entropy': 0.43671757000993944, 'acc': 0.3783068783068783}
7 datafly {'dm': 0.4666666666666667, 'cm': 0.5633280339162692, 'entropy': 0.699756272039084, 'acc': 0.3333333333333333}
7 mondrian {'dm': 0.8, 'cm': 0.41017488076311603, 'entropy': 0.37317380063245514, 'acc': 0.47354497354497355}
8 datafly {'dm': 0.4666666666666667, 'cm': 0.5691573926868044, 'entropy': 0.7110846533869185, 'acc': 0.3941798941798942}
8 mondrian {'dm': 0.8, 'cm': 0.47111817700052994, 'entropy': 0.527273606186745, 'acc': 0.4576719576719577}
9 datafly {'dm': 0.3333333333333333, 'cm': 0.5850556438791733, 'entropy': 0.8302429683498823, 'acc': 0.34656084656084657}
9 mondrian {'dm': 0.8, 'cm': 0.38897721250662426, 'entropy': 0.3564392660365074, 'acc': 0.4365079365079365}
10 datafly {'dm': 0.4666666666666667, 'cm': 0.5564387917329093, 'entropy': 0.6968338800097424, 'acc': 0.41534391534391535}
10 mondrian {'dm': 0.8666666666666667, 'cm': 0.43296237413884475, 'entropy': 0.504231243344643, 'acc': 0.36243386243386244}
11 datafly {'dm': 0.4, 'cm': 0.5930047694753577, 'entropy': 0.7930281662825406, 'acc': 0.35978835978835977}
11 mondrian {'dm': 0.8666666666666667, 'cm': 0.42183359830418654, 'entropy': 0.4336201103152227, 'acc': 0.37566137566137564}
12 datafly {'dm': 0.4, 'cm': 0.5993640699523053, 'entropy': 0.833451237592027, 'acc': 0.3201058201058201}
12 mondrian {'dm': 0.8, 'cm': 0.4281928987811341, 'entropy': 0.44342754228944986, 'acc': 0.3544973544973545}
13 datafly {'dm': 0.4, 'cm': 0.5458399576046635, 'entropy': 0.7627292123685122, 'acc': 0.30687830687830686}
13 mondrian {'dm': 0.8666666666666667, 'cm': 0.4260731319554849, 'entropy': 0.37363712779602354, 'acc': 0.42592592592592593}
14 datafly {'dm': 0.3333333333333333, 'cm': 0.5659777424483307, 'entropy': 0.7526323310718299, 'acc': 0.4021164021164021}
14 mondrian {'dm': 0.8333333333333334, 'cm': 0.4266030736618972, 'entropy': 0.41977665826775573, 'acc': 0.47619047619047616}
15 datafly {'dm': 0.4666666666666667, 'cm': 0.5691573926868044, 'entropy': 0.6720734196994848, 'acc': 0.37566137566137564}
15 mondrian {'dm': 0.8333333333333334, 'cm': 0.4440911499735029, 'entropy': 0.42839892981713634, 'acc': 0.32275132275132273}
16 datafly {'dm': 0.3333333333333333, 'cm': 0.5320614732379438, 'entropy': 0.7571230661394696, 'acc': 0.3835978835978836}
16 mondrian {'dm': 0.8333333333333334, 'cm': 0.4149443561208267, 'entropy': 0.4190965588443756, 'acc': 0.3994708994708995}
17 datafly {'dm': 0.3333333333333333, 'cm': 0.5320614732379438, 'entropy': 0.7565960359884133, 'acc': 0.3941798941798942}
17 mondrian {'dm': 0.8, 'cm': 0.45310015898251194, 'entropy': 0.44812871356667205, 'acc': 0.3333333333333333}
18 datafly {'dm': 0.4, 'cm': 0.548489666136725, 'entropy': 0.728507767098505, 'acc': 0.3862433862433862}
18 mondrian {'dm': 0.8333333333333334, 'cm': 0.4467408585055644, 'entropy': 0.470851852005411, 'acc': 0.42063492063492064}
19 datafly {'dm': 0.3333333333333333, 'cm': 0.5728669846316905, 'entropy': 0.7687794602738245, 'acc': 0.3915343915343915}
19 mondrian {'dm': 0.8, 'cm': 0.42130365659777425, 'entropy': 0.37420264133814884, 'acc': 0.4947089947089947}
20 datafly {'dm': 0.3333333333333333, 'cm': 0.5744568097509274, 'entropy': 0.7920787019879938, 'acc': 0.3333333333333333}
20 mondrian {'dm': 0.8333333333333334, 'cm': 0.46793852676205616, 'entropy': 0.5116876805596298, 'acc': 0.46296296296296297}
21 datafly {'dm': 0.4, 'cm': 0.548489666136725, 'entropy': 0.728507767098505, 'acc': 0.3862433862433862}
21 mondrian {'dm': 0.8333333333333334, 'cm': 0.4483306836248013, 'entropy': 0.4408891995321156, 'acc': 0.4497354497354497}
22 datafly {'dm': 0.4666666666666667, 'cm': 0.5633280339162692, 'entropy': 0.699756272039084, 'acc': 0.36243386243386244}
22 mondrian {'dm': 0.8666666666666667, 'cm': 0.43826179120296765, 'entropy': 0.4012239844901282, 'acc': 0.3968253968253968}
23 datafly {'dm': 0.3333333333333333, 'cm': 0.5818759936406995, 'entropy': 0.7663029082181748, 'acc': 0.3862433862433862}
23 mondrian {'dm': 0.8333333333333334, 'cm': 0.3995760466348702, 'entropy': 0.3431983100594624, 'acc': 0.3888888888888889}
24 datafly {'dm': 0.3333333333333333, 'cm': 0.5744568097509274, 'entropy': 0.8029201196499012, 'acc': 0.35978835978835977}
24 mondrian {'dm': 0.8, 'cm': 0.4160042395336513, 'entropy': 0.42707527810430673, 'acc': 0.37566137566137564}
25 datafly {'dm': 0.4666666666666667, 'cm': 0.5633280339162692, 'entropy': 0.683521341870835, 'acc': 0.36243386243386244}
25 mondrian {'dm': 0.8333333333333334, 'cm': 0.38897721250662426, 'entropy': 0.4348800090260513, 'acc': 0.3253968253968254}
26 datafly {'dm': 0.4666666666666667, 'cm': 0.566507684154743, 'entropy': 0.7184191253394289, 'acc': 0.3201058201058201}
26 mondrian {'dm': 0.8333333333333334, 'cm': 0.4128245892951775, 'entropy': 0.4328015246055802, 'acc': 0.4312169312169312}
27 datafly {'dm': 0.4666666666666667, 'cm': 0.5320614732379438, 'entropy': 0.6735672760975209, 'acc': 0.3862433862433862}
27 mondrian {'dm': 0.8, 'cm': 0.4552199258081611, 'entropy': 0.41703814366331876, 'acc': 0.4603174603174603}
28 datafly {'dm': 0.4666666666666667, 'cm': 0.5320614732379438, 'entropy': 0.6885179906877762, 'acc': 0.3783068783068783}
28 mondrian {'dm': 0.8333333333333334, 'cm': 0.383147853736089, 'entropy': 0.3803611669483607, 'acc': 0.3492063492063492}
29 datafly {'dm': 0.3333333333333333, 'cm': 0.5818759936406995, 'entropy': 0.784410284456158, 'acc': 0.3915343915343915}
29 mondrian {'dm': 0.8666666666666667, 'cm': 0.41865394806571277, 'entropy': 0.40842561413254636, 'acc': 0.42592592592592593}
30 datafly {'dm': 0.3333333333333333, 'cm': 0.5384207737148914, 'entropy': 0.810329819545365, 'acc': 0.3201058201058201}
30 mondrian {'dm': 0.8, 'cm': 0.45204027556968734, 'entropy': 0.45042215953451836, 'acc': 0.328042328042328}
31 datafly {'dm': 0.2, 'cm': 0.5866454689984102, 'entropy': 0.8374476140849348, 'acc': 0.3915343915343915}
31 mondrian {'dm': 0.8333333333333334, 'cm': 0.39215686274509803, 'entropy': 0.376056782639164, 'acc': 0.43915343915343913}
32 datafly {'dm': 0.3333333333333333, 'cm': 0.5384207737148914, 'entropy': 0.8115726868531419, 'acc': 0.3201058201058201}
32 mondrian {'dm': 0.7666666666666667, 'cm': 0.4578696343402226, 'entropy': 0.5325645193029169, 'acc': 0.3201058201058201}
33 datafly {'dm': 0.4666666666666667, 'cm': 0.5707472178060413, 'entropy': 0.7117265082531455, 'acc': 0.36507936507936506}
33 mondrian {'dm': 0.8333333333333334, 'cm': 0.41812400635930047, 'entropy': 0.4052619619872072, 'acc': 0.3544973544973545}
34 datafly {'dm': 0.4666666666666667, 'cm': 0.519872813990461, 'entropy': 0.6630328027820468, 'acc': 0.373015873015873}
34 mondrian {'dm': 0.8666666666666667, 'cm': 0.45204027556968734, 'entropy': 0.4754882843688672, 'acc': 0.4021164021164021}
35 datafly {'dm': 0.2, 'cm': 0.5866454689984102, 'entropy': 0.8374476140849348, 'acc': 0.3915343915343915}
35 mondrian {'dm': 0.9, 'cm': 0.4350821409644939, 'entropy': 0.41799786260111177, 'acc': 0.4708994708994709}
36 datafly {'dm': 0.4666666666666667, 'cm': 0.5707472178060413, 'entropy': 0.7504784804735148, 'acc': 0.36507936507936506}
36 mondrian {'dm': 0.8, 'cm': 0.3932167461579226, 'entropy': 0.4360920094651993, 'acc': 0.3412698412698413}
37 datafly {'dm': 0.3333333333333333, 'cm': 0.5320614732379438, 'entropy': 0.7563242790372708, 'acc': 0.41798941798941797}
37 mondrian {'dm': 0.8333333333333334, 'cm': 0.48913619501854794, 'entropy': 0.5483960463468408, 'acc': 0.3333333333333333}
38 datafly {'dm': 0.3333333333333333, 'cm': 0.5320614732379438, 'entropy': 0.7571230661394696, 'acc': 0.36243386243386244}
38 mondrian {'dm': 0.8, 'cm': 0.43773184949655536, 'entropy': 0.49061622429966995, 'acc': 0.42592592592592593}
39 datafly {'dm': 0.3333333333333333, 'cm': 0.5744568097509274, 'entropy': 0.7920787019879938, 'acc': 0.34656084656084657}
39 mondrian {'dm': 0.8, 'cm': 0.40646528881823, 'entropy': 0.41274262007573437, 'acc': 0.34656084656084657}
40 datafly {'dm': 0.3333333333333333, 'cm': 0.5384207737148914, 'entropy': 0.8115726868531419, 'acc': 0.3201058201058201}
40 mondrian {'dm': 0.8666666666666667, 'cm': 0.4239533651298357, 'entropy': 0.40122108181244126, 'acc': 0.5052910052910053}
41 datafly {'dm': 0.3333333333333333, 'cm': 0.5786963434022258, 'entropy': 0.7827932944230968, 'acc': 0.36507936507936506}
41 mondrian {'dm': 0.8, 'cm': 0.4117647058823529, 'entropy': 0.4836968585855013, 'acc': 0.3253968253968254}
42 datafly {'dm': 0.3333333333333333, 'cm': 0.5320614732379438, 'entropy': 0.7565960359884133, 'acc': 0.3862433862433862}
42 mondrian {'dm': 0.9, 'cm': 0.456809750927398, 'entropy': 0.4340553022582119, 'acc': 0.3968253968253968}
43 datafly {'dm': 0.4666666666666667, 'cm': 0.5564387917329093, 'entropy': 0.6968338800097424, 'acc': 0.41534391534391535}
43 mondrian {'dm': 0.8, 'cm': 0.4271330153683095, 'entropy': 0.4576982003487661, 'acc': 0.3333333333333333}
44 datafly {'dm': 0.4666666666666667, 'cm': 0.4970853206147324, 'entropy': 0.7312846991871844, 'acc': 0.3201058201058201}
44 mondrian {'dm': 0.8, 'cm': 0.397456279809221, 'entropy': 0.3890027943412138, 'acc': 0.43386243386243384}
45 datafly {'dm': 0.4666666666666667, 'cm': 0.5145733969263381, 'entropy': 0.6724557181429562, 'acc': 0.42063492063492064}
45 mondrian {'dm': 0.8666666666666667, 'cm': 0.3942766295707472, 'entropy': 0.4361577705505594, 'acc': 0.3994708994708995}
46 datafly {'dm': 0.3333333333333333, 'cm': 0.5686274509803921, 'entropy': 0.7496340113381967, 'acc': 0.41534391534391535}
46 mondrian {'dm': 0.8666666666666667, 'cm': 0.41865394806571277, 'entropy': 0.4086218132432528, 'acc': 0.3888888888888889}
47 datafly {'dm': 0.4666666666666667, 'cm': 0.530471648118707, 'entropy': 0.7094886222607258, 'acc': 0.3306878306878307}
47 mondrian {'dm': 0.8333333333333334, 'cm': 0.4615792262851086, 'entropy': 0.4888427753406169, 'acc': 0.31746031746031744}
48 datafly {'dm': 0.4666666666666667, 'cm': 0.5654478007419184, 'entropy': 0.6598880306570885, 'acc': 0.3412698412698413}
48 mondrian {'dm': 0.8333333333333334, 'cm': 0.43667196608373077, 'entropy': 0.4211934668518029, 'acc': 0.38095238095238093}
49 datafly {'dm': 0.4666666666666667, 'cm': 0.5320614732379438, 'entropy': 0.6735672760975209, 'acc': 0.41798941798941797}
49 mondrian {'dm': 0.9, 'cm': 0.3783783783783784, 'entropy': 0.35947947848074324, 'acc': 0.4365079365079365}
50 datafly {'dm': 0.4, 'cm': 0.5527291997880233, 'entropy': 0.7768191962317892, 'acc': 0.3148148148148148}
50 mondrian {'dm': 0.7666666666666667, 'cm': 0.44992050874403816, 'entropy': 0.5243453219681232, 'acc': 0.38095238095238093}
51 datafly {'dm': 0.4666666666666667, 'cm': 0.5315315315315315, 'entropy': 0.7017967376798165, 'acc': 0.3201058201058201}
51 mondrian {'dm': 0.8, 'cm': 0.42130365659777425, 'entropy': 0.4629670846865153, 'acc': 0.42592592592592593}
52 datafly {'dm': 0.3333333333333333, 'cm': 0.5834658187599364, 'entropy': 0.8282228205862087, 'acc': 0.3201058201058201}
52 mondrian {'dm': 0.8333333333333334, 'cm': 0.4122946475887652, 'entropy': 0.3996132563778492, 'acc': 0.3994708994708995}
53 datafly {'dm': 0.4, 'cm': 0.5527291997880233, 'entropy': 0.7299176734879087, 'acc': 0.4021164021164021}
53 mondrian {'dm': 0.8666666666666667, 'cm': 0.43667196608373077, 'entropy': 0.4535976835799292, 'acc': 0.32275132275132273}
54 datafly {'dm': 0.3333333333333333, 'cm': 0.5945945945945946, 'entropy': 0.8739613949044588, 'acc': 0.3544973544973545}
54 mondrian {'dm': 0.8333333333333334, 'cm': 0.4112347641759406, 'entropy': 0.3983472679419462, 'acc': 0.4603174603174603}
55 datafly {'dm': 0.3333333333333333, 'cm': 0.5384207737148914, 'entropy': 0.810329819545365, 'acc': 0.3201058201058201}
55 mondrian {'dm': 0.8666666666666667, 'cm': 0.4175940646528882, 'entropy': 0.43236059467850624, 'acc': 0.42328042328042326}
56 datafly {'dm': 0.2, 'cm': 0.5866454689984102, 'entropy': 0.8374476140849348, 'acc': 0.3915343915343915}
56 mondrian {'dm': 0.8333333333333334, 'cm': 0.38791732909379967, 'entropy': 0.34783293955493194, 'acc': 0.455026455026455}
57 datafly {'dm': 0.3333333333333333, 'cm': 0.5744568097509274, 'entropy': 0.7839582228002334, 'acc': 0.3306878306878307}
57 mondrian {'dm': 0.7666666666666667, 'cm': 0.415474297827239, 'entropy': 0.4331635172950896, 'acc': 0.4312169312169312}
58 datafly {'dm': 0.4, 'cm': 0.5930047694753577, 'entropy': 0.8186084211169234, 'acc': 0.335978835978836}
58 mondrian {'dm': 0.8333333333333334, 'cm': 0.3937466878643349, 'entropy': 0.3665692295903838, 'acc': 0.5158730158730159}
59 datafly {'dm': 0.4666666666666667, 'cm': 0.5691573926868044, 'entropy': 0.7325115251708361, 'acc': 0.35714285714285715}
59 mondrian {'dm': 0.8333333333333334, 'cm': 0.424483306836248, 'entropy': 0.46234133371868974, 'acc': 0.4497354497354497}
60 datafly {'dm': 0.3333333333333333, 'cm': 0.5744568097509274, 'entropy': 0.7839582228002334, 'acc': 0.3306878306878307}
60 mondrian {'dm': 0.8333333333333334, 'cm': 0.46952835188129305, 'entropy': 0.517071731768585, 'acc': 0.31746031746031744}
61 datafly {'dm': 0.3333333333333333, 'cm': 0.5659777424483307, 'entropy': 0.7526323310718299, 'acc': 0.4021164021164021}
61 mondrian {'dm': 0.8, 'cm': 0.43667196608373077, 'entropy': 0.47395673365022595, 'acc': 0.36772486772486773}
62 datafly {'dm': 0.4666666666666667, 'cm': 0.5320614732379438, 'entropy': 0.6621222551917455, 'acc': 0.37566137566137564}
62 mondrian {'dm': 0.8333333333333334, 'cm': 0.4260731319554849, 'entropy': 0.41344456808693314, 'acc': 0.3544973544973545}
63 datafly {'dm': 0.3333333333333333, 'cm': 0.5384207737148914, 'entropy': 0.7754993042796424, 'acc': 0.3201058201058201}
63 mondrian {'dm': 0.7666666666666667, 'cm': 0.4462109167991521, 'entropy': 0.4846955183478658, 'acc': 0.35978835978835977}
64 datafly {'dm': 0.4, 'cm': 0.5527291997880233, 'entropy': 0.7299176734879087, 'acc': 0.3888888888888889}
64 mondrian {'dm': 0.8666666666666667, 'cm': 0.4133545310015898, 'entropy': 0.4079360576401725, 'acc': 0.46296296296296297}
65 datafly {'dm': 0.4666666666666667, 'cm': 0.5574986751457339, 'entropy': 0.6557364872494995, 'acc': 0.42063492063492064}
65 mondrian {'dm': 0.8333333333333334, 'cm': 0.38950715421303655, 'entropy': 0.3842993535017939, 'acc': 0.35714285714285715}
66 datafly {'dm': 0.3333333333333333, 'cm': 0.5320614732379438, 'entropy': 0.7563242790372708, 'acc': 0.3835978835978836}
66 mondrian {'dm': 0.8, 'cm': 0.42130365659777425, 'entropy': 0.4499814925441687, 'acc': 0.34656084656084657}
67 datafly {'dm': 0.3333333333333333, 'cm': 0.5744568097509274, 'entropy': 0.7920787019879938, 'acc': 0.3333333333333333}
67 mondrian {'dm': 0.8, 'cm': 0.447800741918389, 'entropy': 0.42597502411999305, 'acc': 0.4417989417989418}
68 datafly {'dm': 0.3333333333333333, 'cm': 0.5320614732379438, 'entropy': 0.7571230661394696, 'acc': 0.36243386243386244}
68 mondrian {'dm': 0.8333333333333334, 'cm': 0.4430312665606783, 'entropy': 0.4196347197542506, 'acc': 0.36507936507936506}
69 datafly {'dm': 0.4, 'cm': 0.5527291997880233, 'entropy': 0.7598547323081009, 'acc': 0.3783068783068783}
69 mondrian {'dm': 0.8, 'cm': 0.43826179120296765, 'entropy': 0.42690851797590285, 'acc': 0.3835978835978836}
70 datafly {'dm': 0.3333333333333333, 'cm': 0.5320614732379438, 'entropy': 0.7563242790372708, 'acc': 0.3835978835978836}
70 mondrian {'dm': 0.8333333333333334, 'cm': 0.42289348171701113, 'entropy': 0.3763386641504776, 'acc': 0.48412698412698413}
71 datafly {'dm': 0.3333333333333333, 'cm': 0.5818759936406995, 'entropy': 0.7663029082181748, 'acc': 0.3915343915343915}
71 mondrian {'dm': 0.8, 'cm': 0.41865394806571277, 'entropy': 0.4042422010510612, 'acc': 0.49206349206349204}
72 datafly {'dm': 0.4666666666666667, 'cm': 0.5707472178060413, 'entropy': 0.7478552215139257, 'acc': 0.36243386243386244}
72 mondrian {'dm': 0.8, 'cm': 0.43667196608373077, 'entropy': 0.4139984719994824, 'acc': 0.4523809523809524}
73 datafly {'dm': 0.4666666666666667, 'cm': 0.5691573926868044, 'entropy': 0.7108441416616491, 'acc': 0.36772486772486773}
73 mondrian {'dm': 0.8333333333333334, 'cm': 0.46952835188129305, 'entropy': 0.4871113567202622, 'acc': 0.3888888888888889}
74 datafly {'dm': 0.3333333333333333, 'cm': 0.5834658187599364, 'entropy': 0.8282228205862087, 'acc': 0.3439153439153439}
74 mondrian {'dm': 0.8333333333333334, 'cm': 0.442501324854266, 'entropy': 0.4539145465699381, 'acc': 0.36243386243386244}
75 datafly {'dm': 0.4666666666666667, 'cm': 0.5633280339162692, 'entropy': 0.6815241059227821, 'acc': 0.3941798941798942}
75 mondrian {'dm': 0.8333333333333334, 'cm': 0.43084260731319557, 'entropy': 0.4240324417005371, 'acc': 0.4444444444444444}
76 datafly {'dm': 0.3333333333333333, 'cm': 0.5850556438791733, 'entropy': 0.8302429683498823, 'acc': 0.3253968253968254}
76 mondrian {'dm': 0.8333333333333334, 'cm': 0.40911499735029144, 'entropy': 0.3767465124285005, 'acc': 0.4603174603174603}
77 datafly {'dm': 0.4666666666666667, 'cm': 0.5267620561738209, 'entropy': 0.6724098171975924, 'acc': 0.3915343915343915}
77 mondrian {'dm': 0.9, 'cm': 0.4059353471118177, 'entropy': 0.44548088443425266, 'acc': 0.47619047619047616}
78 datafly {'dm': 0.3333333333333333, 'cm': 0.5728669846316905, 'entropy': 0.7431816448485326, 'acc': 0.3783068783068783}
78 mondrian {'dm': 0.8333333333333334, 'cm': 0.40646528881823, 'entropy': 0.42725033868620066, 'acc': 0.37037037037037035}
79 datafly {'dm': 0.3333333333333333, 'cm': 0.5786963434022258, 'entropy': 0.8008228203507648, 'acc': 0.36507936507936506}
79 mondrian {'dm': 0.8, 'cm': 0.4848966613672496, 'entropy': 0.5324879987685687, 'acc': 0.4074074074074074}
80 datafly {'dm': 0.3333333333333333, 'cm': 0.5744568097509274, 'entropy': 0.7920787019879938, 'acc': 0.328042328042328}
80 mondrian {'dm': 0.9, 'cm': 0.3969263381028087, 'entropy': 0.37542602768090777, 'acc': 0.4470899470899471}
81 datafly {'dm': 0.4666666666666667, 'cm': 0.5691573926868044, 'entropy': 0.6827114004596732, 'acc': 0.3862433862433862}
81 mondrian {'dm': 0.8666666666666667, 'cm': 0.4430312665606783, 'entropy': 0.418272105906879, 'acc': 0.4523809523809524}
82 datafly {'dm': 0.4, 'cm': 0.5527291997880233, 'entropy': 0.776958537065555, 'acc': 0.3492063492063492}
82 mondrian {'dm': 0.8666666666666667, 'cm': 0.41070482246952833, 'entropy': 0.38720078633054633, 'acc': 0.373015873015873}
83 datafly {'dm': 0.4, 'cm': 0.5527291997880233, 'entropy': 0.7430285361356466, 'acc': 0.35978835978835977}
83 mondrian {'dm': 0.8, 'cm': 0.4133545310015898, 'entropy': 0.4047515079533107, 'acc': 0.35978835978835977}
84 datafly {'dm': 0.4666666666666667, 'cm': 0.5564387917329093, 'entropy': 0.7174866648969996, 'acc': 0.4074074074074074}
84 mondrian {'dm': 0.8333333333333334, 'cm': 0.4160042395336513, 'entropy': 0.450836633109168, 'acc': 0.373015873015873}
85 datafly {'dm': 0.3333333333333333, 'cm': 0.5659777424483307, 'entropy': 0.7526323310718299, 'acc': 0.4021164021164021}
85 mondrian {'dm': 0.8333333333333334, 'cm': 0.43243243243243246, 'entropy': 0.37476219439803504, 'acc': 0.4365079365079365}
86 datafly {'dm': 0.3333333333333333, 'cm': 0.5744568097509274, 'entropy': 0.7920787019879938, 'acc': 0.335978835978836}
86 mondrian {'dm': 0.8, 'cm': 0.41812400635930047, 'entropy': 0.41959812790024853, 'acc': 0.35185185185185186}
87 datafly {'dm': 0.3333333333333333, 'cm': 0.5728669846316905, 'entropy': 0.753819625608721, 'acc': 0.373015873015873}
87 mondrian {'dm': 0.8666666666666667, 'cm': 0.4271330153683095, 'entropy': 0.4677814277754451, 'acc': 0.35185185185185186}
88 datafly {'dm': 0.3333333333333333, 'cm': 0.5818759936406995, 'entropy': 0.784410284456158, 'acc': 0.3915343915343915}
88 mondrian {'dm': 0.8333333333333334, 'cm': 0.4287228404875464, 'entropy': 0.403293503082788, 'acc': 0.46296296296296297}
89 datafly {'dm': 0.3333333333333333, 'cm': 0.5850556438791733, 'entropy': 0.7882596553254528, 'acc': 0.36243386243386244}
89 mondrian {'dm': 0.8, 'cm': 0.4069952305246423, 'entropy': 0.4198886416197596, 'acc': 0.4365079365079365}
90 datafly {'dm': 0.4666666666666667, 'cm': 0.5691573926868044, 'entropy': 0.6720734196994848, 'acc': 0.3888888888888889}
90 mondrian {'dm': 0.8333333333333334, 'cm': 0.43614202437731847, 'entropy': 0.47458369198304257, 'acc': 0.37566137566137564}
91 datafly {'dm': 0.4666666666666667, 'cm': 0.5691573926868044, 'entropy': 0.7008038346543197, 'acc': 0.35185185185185186}
91 mondrian {'dm': 0.8, 'cm': 0.4960254372019078, 'entropy': 0.5102145342683294, 'acc': 0.4523809523809524}
92 datafly {'dm': 0.4, 'cm': 0.5458399576046635, 'entropy': 0.7808923221159816, 'acc': 0.40476190476190477}
92 mondrian {'dm': 0.8333333333333334, 'cm': 0.4160042395336513, 'entropy': 0.4059348820396305, 'acc': 0.3835978835978836}
93 datafly {'dm': 0.3333333333333333, 'cm': 0.5728669846316905, 'entropy': 0.753819625608721, 'acc': 0.373015873015873}
93 mondrian {'dm': 0.8333333333333334, 'cm': 0.45257021727609964, 'entropy': 0.4583422817282917, 'acc': 0.4444444444444444}
94 datafly {'dm': 0.3333333333333333, 'cm': 0.5744568097509274, 'entropy': 0.7839582228002334, 'acc': 0.32275132275132273}
94 mondrian {'dm': 0.8333333333333334, 'cm': 0.40434552199258084, 'entropy': 0.38175497645816864, 'acc': 0.455026455026455}
95 datafly {'dm': 0.3333333333333333, 'cm': 0.5744568097509274, 'entropy': 0.8029201196499012, 'acc': 0.36507936507936506}
95 mondrian {'dm': 0.8, 'cm': 0.4435612082670906, 'entropy': 0.43247553508016656, 'acc': 0.3201058201058201}
96 datafly {'dm': 0.4, 'cm': 0.5527291997880233, 'entropy': 0.7598547323081009, 'acc': 0.36507936507936506}
96 mondrian {'dm': 0.8333333333333334, 'cm': 0.45045045045045046, 'entropy': 0.46969764426019256, 'acc': 0.3253968253968254}
97 datafly {'dm': 0.4, 'cm': 0.5527291997880233, 'entropy': 0.776958537065555, 'acc': 0.3412698412698413}
97 mondrian {'dm': 0.8, 'cm': 0.424483306836248, 'entropy': 0.4112933441921448, 'acc': 0.373015873015873}
98 datafly {'dm': 0.2, 'cm': 0.5866454689984102, 'entropy': 0.8374476140849348, 'acc': 0.3915343915343915}
98 mondrian {'dm': 0.8666666666666667, 'cm': 0.4430312665606783, 'entropy': 0.4412911043060727, 'acc': 0.328042328042328}
99 datafly {'dm': 0.4666666666666667, 'cm': 0.5574986751457339, 'entropy': 0.6761419021980165, 'acc': 0.3888888888888889}
99 mondrian {'dm': 0.8, 'cm': 0.38738738738738737, 'entropy': 0.4256391444716316, 'acc': 0.4021164021164021}
100 datafly {'dm': 0.4666666666666667, 'cm': 0.5082140964493905, 'entropy': 0.6705185636212194, 'acc': 0.41798941798941797}
100 mondrian {'dm': 0.8333333333333334, 'cm': 0.442501324854266, 'entropy': 0.49643257770049504, 'acc': 0.35185185185185186}
101 datafly {'dm': 0.4, 'cm': 0.5993640699523053, 'entropy': 0.8415717167797874, 'acc': 0.3201058201058201}
101 mondrian {'dm': 0.8333333333333334, 'cm': 0.42236354001059884, 'entropy': 0.41635913147098447, 'acc': 0.47619047619047616}
102 datafly {'dm': 0.3333333333333333, 'cm': 0.5320614732379438, 'entropy': 0.7565960359884133, 'acc': 0.36243386243386244}
102 mondrian {'dm': 0.8333333333333334, 'cm': 0.42289348171701113, 'entropy': 0.37900437549396093, 'acc': 0.4126984126984127}
103 datafly {'dm': 0.3333333333333333, 'cm': 0.5728669846316905, 'entropy': 0.753819625608721, 'acc': 0.37566137566137564}
103 mondrian {'dm': 0.8333333333333334, 'cm': 0.40010598834128247, 'entropy': 0.3704614569502729, 'acc': 0.34656084656084657}
104 datafly {'dm': 0.4666666666666667, 'cm': 0.5320614732379438, 'entropy': 0.6621222551917455, 'acc': 0.3994708994708995}
104 mondrian {'dm': 0.8333333333333334, 'cm': 0.4859565447800742, 'entropy': 0.5428358171221244, 'acc': 0.3333333333333333}
105 datafly {'dm': 0.4666666666666667, 'cm': 0.5707472178060413, 'entropy': 0.7874825966405706, 'acc': 0.36507936507936506}
105 mondrian {'dm': 0.8333333333333334, 'cm': 0.3942766295707472, 'entropy': 0.37825498746584846, 'acc': 0.3835978835978836}
106 datafly {'dm': 0.4666666666666667, 'cm': 0.5320614732379438, 'entropy': 0.6885179906877762, 'acc': 0.36772486772486773}
106 mondrian {'dm': 0.8333333333333334, 'cm': 0.43932167461579225, 'entropy': 0.4876771156584067, 'acc': 0.3994708994708995}
107 datafly {'dm': 0.4666666666666667, 'cm': 0.4970853206147324, 'entropy': 0.7312846991871844, 'acc': 0.3201058201058201}
107 mondrian {'dm': 0.8333333333333334, 'cm': 0.42183359830418654, 'entropy': 0.4307413463242775, 'acc': 0.41534391534391535}
108 datafly {'dm': 0.3333333333333333, 'cm': 0.5516693163751988, 'entropy': 0.7678572939637355, 'acc': 0.36772486772486773}
108 mondrian {'dm': 0.7666666666666667, 'cm': 0.42130365659777425, 'entropy': 0.42243508782765526, 'acc': 0.47354497354497355}
109 datafly {'dm': 0.3333333333333333, 'cm': 0.5744568097509274, 'entropy': 0.7920787019879938, 'acc': 0.35978835978835977}
109 mondrian {'dm': 0.8333333333333334, 'cm': 0.4435612082670906, 'entropy': 0.4467160952468585, 'acc': 0.37037037037037035}
110 datafly {'dm': 0.3333333333333333, 'cm': 0.5384207737148914, 'entropy': 0.810329819545365, 'acc': 0.3201058201058201}
110 mondrian {'dm': 0.8, 'cm': 0.4292527821939587, 'entropy': 0.45197710924345835, 'acc': 0.3968253968253968}
111 datafly {'dm': 0.4666666666666667, 'cm': 0.5320614732379438, 'entropy': 0.6623937954308056, 'acc': 0.37037037037037035}
111 mondrian {'dm': 0.8, 'cm': 0.4430312665606783, 'entropy': 0.5017961377653369, 'acc': 0.42063492063492064}
112 datafly {'dm': 0.4666666666666667, 'cm': 0.5654478007419184, 'entropy': 0.6492411598622022, 'acc': 0.4021164021164021}
112 mondrian {'dm': 0.8, 'cm': 0.4239533651298357, 'entropy': 0.45025381861241853, 'acc': 0.40476190476190477}
113 datafly {'dm': 0.4666666666666667, 'cm': 0.5320614732379438, 'entropy': 0.6885179906877762, 'acc': 0.37037037037037035}
113 mondrian {'dm': 0.8333333333333334, 'cm': 0.42342342342342343, 'entropy': 0.4622280162538666, 'acc': 0.3492063492063492}
114 datafly {'dm': 0.3333333333333333, 'cm': 0.5818759936406995, 'entropy': 0.784410284456158, 'acc': 0.3492063492063492}
114 mondrian {'dm': 0.8666666666666667, 'cm': 0.4175940646528882, 'entropy': 0.45731263878212414, 'acc': 0.34656084656084657}
115 datafly {'dm': 0.4666666666666667, 'cm': 0.5633280339162692, 'entropy': 0.6816638378444373, 'acc': 0.36772486772486773}
115 mondrian {'dm': 0.7666666666666667, 'cm': 0.4605193428722841, 'entropy': 0.5289451877390897, 'acc': 0.35714285714285715}
116 datafly {'dm': 0.4666666666666667, 'cm': 0.5564387917329093, 'entropy': 0.6787346926766302, 'acc': 0.41534391534391535}
116 mondrian {'dm': 0.8, 'cm': 0.45098039215686275, 'entropy': 0.44771205086642757, 'acc': 0.36772486772486773}
117 datafly {'dm': 0.3333333333333333, 'cm': 0.5320614732379438, 'entropy': 0.7563242790372708, 'acc': 0.41798941798941797}
117 mondrian {'dm': 0.8333333333333334, 'cm': 0.45257021727609964, 'entropy': 0.4810411712276099, 'acc': 0.3544973544973545}
118 datafly {'dm': 0.3333333333333333, 'cm': 0.5320614732379438, 'entropy': 0.7563242790372708, 'acc': 0.42857142857142855}
118 mondrian {'dm': 0.8333333333333334, 'cm': 0.44038155802861684, 'entropy': 0.41863866721403203, 'acc': 0.4470899470899471}
119 datafly {'dm': 0.3333333333333333, 'cm': 0.5744568097509274, 'entropy': 0.7839582228002334, 'acc': 0.3253968253968254}
119 mondrian {'dm': 0.8333333333333334, 'cm': 0.43190249072602016, 'entropy': 0.37709819222094754, 'acc': 0.35185185185185186}
120 datafly {'dm': 0.4, 'cm': 0.5527291997880233, 'entropy': 0.7299176734879087, 'acc': 0.3386243386243386}
120 mondrian {'dm': 0.8, 'cm': 0.4069952305246423, 'entropy': 0.3840297055712087, 'acc': 0.40476190476190477}
121 datafly {'dm': 0.4666666666666667, 'cm': 0.5707472178060413, 'entropy': 0.7297560341808135, 'acc': 0.36507936507936506}
121 mondrian {'dm': 0.8333333333333334, 'cm': 0.442501324854266, 'entropy': 0.43131632330628406, 'acc': 0.41005291005291006}
122 datafly {'dm': 0.2, 'cm': 0.5866454689984102, 'entropy': 0.8374476140849348, 'acc': 0.3915343915343915}
122 mondrian {'dm': 0.8333333333333334, 'cm': 0.4912559618441971, 'entropy': 0.5455553199054207, 'acc': 0.335978835978836}
123 datafly {'dm': 0.3333333333333333, 'cm': 0.5744568097509274, 'entropy': 0.7839582228002334, 'acc': 0.3412698412698413}
123 mondrian {'dm': 0.8, 'cm': 0.4430312665606783, 'entropy': 0.4289891136139221, 'acc': 0.4074074074074074}
124 datafly {'dm': 0.3333333333333333, 'cm': 0.5728669846316905, 'entropy': 0.7431816448485326, 'acc': 0.3783068783068783}
124 mondrian {'dm': 0.8666666666666667, 'cm': 0.4446210916799152, 'entropy': 0.4788932040807719, 'acc': 0.35978835978835977}
125 datafly {'dm': 0.4, 'cm': 0.548489666136725, 'entropy': 0.7279807369474487, 'acc': 0.3783068783068783}
125 mondrian {'dm': 0.8, 'cm': 0.4626391096979332, 'entropy': 0.5110290555356568, 'acc': 0.41534391534391535}
126 datafly {'dm': 0.4, 'cm': 0.5458399576046635, 'entropy': 0.7811640790671242, 'acc': 0.29894179894179895}
126 mondrian {'dm': 0.8333333333333334, 'cm': 0.3969263381028087, 'entropy': 0.4134844214405226, 'acc': 0.35185185185185186}
127 datafly {'dm': 0.4, 'cm': 0.5458399576046635, 'entropy': 0.7808923221159816, 'acc': 0.4021164021164021}
127 mondrian {'dm': 0.8333333333333334, 'cm': 0.3815580286168522, 'entropy': 0.30957734050329533, 'acc': 0.5132275132275133}
128 datafly {'dm': 0.4666666666666667, 'cm': 0.5691573926868044, 'entropy': 0.6927324828982574, 'acc': 0.4074074074074074}
128 mondrian {'dm': 0.8333333333333334, 'cm': 0.46952835188129305, 'entropy': 0.5011018231804378, 'acc': 0.3412698412698413}
129 datafly {'dm': 0.4666666666666667, 'cm': 0.5633280339162692, 'entropy': 0.7204345598066018, 'acc': 0.35978835978835977}
129 mondrian {'dm': 0.8, 'cm': 0.4303126656067833, 'entropy': 0.43869558466314573, 'acc': 0.3544973544973545}
130 datafly {'dm': 0.3333333333333333, 'cm': 0.5744568097509274, 'entropy': 0.8029201196499012, 'acc': 0.328042328042328}
130 mondrian {'dm': 0.8, 'cm': 0.37042925278219396, 'entropy': 0.32728769628900534, 'acc': 0.4497354497354497}
131 datafly {'dm': 0.3333333333333333, 'cm': 0.5749867514573397, 'entropy': 0.7853832271680281, 'acc': 0.373015873015873}
131 mondrian {'dm': 0.8333333333333334, 'cm': 0.4255431902490726, 'entropy': 0.4299371586449699, 'acc': 0.3783068783068783}
132 datafly {'dm': 0.4, 'cm': 0.5527291997880233, 'entropy': 0.7174304906702041, 'acc': 0.35714285714285715}
132 mondrian {'dm': 0.8333333333333334, 'cm': 0.4578696343402226, 'entropy': 0.428058399141128, 'acc': 0.42857142857142855}
133 datafly {'dm': 0.3333333333333333, 'cm': 0.5744568097509274, 'entropy': 0.7920787019879938, 'acc': 0.35714285714285715}
133 mondrian {'dm': 0.8, 'cm': 0.42342342342342343, 'entropy': 0.4224270927012758, 'acc': 0.37566137566137564}
134 datafly {'dm': 0.4, 'cm': 0.5643879173290938, 'entropy': 0.7258651200126227, 'acc': 0.373015873015873}
134 mondrian {'dm': 0.8333333333333334, 'cm': 0.4276629570747218, 'entropy': 0.4147757482087233, 'acc': 0.36772486772486773}
135 datafly {'dm': 0.3333333333333333, 'cm': 0.5818759936406995, 'entropy': 0.8050947787320826, 'acc': 0.4021164021164021}
135 mondrian {'dm': 0.8333333333333334, 'cm': 0.4122946475887652, 'entropy': 0.40223383744262775, 'acc': 0.46296296296296297}
136 datafly {'dm': 0.3333333333333333, 'cm': 0.5945945945945946, 'entropy': 0.8739613949044588, 'acc': 0.36243386243386244}
136 mondrian {'dm': 0.8333333333333334, 'cm': 0.43243243243243246, 'entropy': 0.44379248858753106, 'acc': 0.3783068783068783}
137 datafly {'dm': 0.3333333333333333, 'cm': 0.5728669846316905, 'entropy': 0.7431816448485326, 'acc': 0.35185185185185186}
137 mondrian {'dm': 0.9, 'cm': 0.4255431902490726, 'entropy': 0.39230988776822096, 'acc': 0.4576719576719577}
138 datafly {'dm': 0.4666666666666667, 'cm': 0.5553789083200847, 'entropy': 0.6922993475046771, 'acc': 0.35714285714285715}
138 mondrian {'dm': 0.8, 'cm': 0.429782723900371, 'entropy': 0.4284070952643619, 'acc': 0.373015873015873}
139 datafly {'dm': 0.3333333333333333, 'cm': 0.5744568097509274, 'entropy': 0.8029201196499012, 'acc': 0.335978835978836}
139 mondrian {'dm': 0.8333333333333334, 'cm': 0.41017488076311603, 'entropy': 0.3792257588729569, 'acc': 0.43386243386243384}
140 datafly {'dm': 0.4, 'cm': 0.5527291997880233, 'entropy': 0.7788166291577687, 'acc': 0.3386243386243386}
140 mondrian {'dm': 0.7666666666666667, 'cm': 0.40487546369899313, 'entropy': 0.419268451663681, 'acc': 0.36507936507936506}
141 datafly {'dm': 0.3333333333333333, 'cm': 0.5606783253842077, 'entropy': 0.7443367559962903, 'acc': 0.3835978835978836}
141 mondrian {'dm': 0.8666666666666667, 'cm': 0.42236354001059884, 'entropy': 0.39944042466534563, 'acc': 0.455026455026455}
142 datafly {'dm': 0.4666666666666667, 'cm': 0.4970853206147324, 'entropy': 0.6952314806061799, 'acc': 0.31746031746031744}
142 mondrian {'dm': 0.8, 'cm': 0.424483306836248, 'entropy': 0.47657532116640383, 'acc': 0.41534391534391535}
143 datafly {'dm': 0.3333333333333333, 'cm': 0.5834658187599364, 'entropy': 0.8282228205862087, 'acc': 0.35185185185185186}
143 mondrian {'dm': 0.8333333333333334, 'cm': 0.4255431902490726, 'entropy': 0.4117107670760203, 'acc': 0.3862433862433862}
144 datafly {'dm': 0.3333333333333333, 'cm': 0.5686274509803921, 'entropy': 0.7496340113381967, 'acc': 0.41534391534391535}
144 mondrian {'dm': 0.8, 'cm': 0.3963963963963964, 'entropy': 0.3739085602107606, 'acc': 0.47883597883597884}
145 datafly {'dm': 0.3333333333333333, 'cm': 0.5834658187599364, 'entropy': 0.8282228205862087, 'acc': 0.3888888888888889}
145 mondrian {'dm': 0.8666666666666667, 'cm': 0.4578696343402226, 'entropy': 0.4480845455268243, 'acc': 0.4021164021164021}
146 datafly {'dm': 0.3333333333333333, 'cm': 0.5744568097509274, 'entropy': 0.7839582228002334, 'acc': 0.3201058201058201}
146 mondrian {'dm': 0.8, 'cm': 0.4652888182299947, 'entropy': 0.48267707496407236, 'acc': 0.3888888888888889}
147 datafly {'dm': 0.4666666666666667, 'cm': 0.5633280339162692, 'entropy': 0.6815241059227821, 'acc': 0.3941798941798942}
147 mondrian {'dm': 0.8666666666666667, 'cm': 0.41070482246952833, 'entropy': 0.4195289057769867, 'acc': 0.3492063492063492}
148 datafly {'dm': 0.3333333333333333, 'cm': 0.5744568097509274, 'entropy': 0.7920787019879938, 'acc': 0.3439153439153439}
148 mondrian {'dm': 0.8666666666666667, 'cm': 0.44886062533121357, 'entropy': 0.46350730669671986, 'acc': 0.42063492063492064}
149 datafly {'dm': 0.3333333333333333, 'cm': 0.5320614732379438, 'entropy': 0.7563242790372708, 'acc': 0.3862433862433862}
149 mondrian {'dm': 0.8, 'cm': 0.4350821409644939, 'entropy': 0.41319100891380195, 'acc': 0.3412698412698413}
150 datafly {'dm': 0.4, 'cm': 0.5527291997880233, 'entropy': 0.757996640215887, 'acc': 0.335978835978836}
150 mondrian {'dm': 0.8333333333333334, 'cm': 0.424483306836248, 'entropy': 0.37482968385966275, 'acc': 0.41534391534391535}
151 datafly {'dm': 0.4, 'cm': 0.5527291997880233, 'entropy': 0.7598547323081009, 'acc': 0.43386243386243384}
151 mondrian {'dm': 0.8666666666666667, 'cm': 0.4250132485426603, 'entropy': 0.4355202889957484, 'acc': 0.35978835978835977}
152 datafly {'dm': 0.3333333333333333, 'cm': 0.5728669846316905, 'entropy': 0.7431816448485326, 'acc': 0.38095238095238093}
152 mondrian {'dm': 0.8666666666666667, 'cm': 0.4419713831478537, 'entropy': 0.4748500418317545, 'acc': 0.3386243386243386}
153 datafly {'dm': 0.3333333333333333, 'cm': 0.5659777424483307, 'entropy': 0.7546295670198829, 'acc': 0.3862433862433862}
153 mondrian {'dm': 0.8666666666666667, 'cm': 0.42077371489136195, 'entropy': 0.44471467892940514, 'acc': 0.32275132275132273}
154 datafly {'dm': 0.4666666666666667, 'cm': 0.4970853206147324, 'entropy': 0.7304865490762952, 'acc': 0.3201058201058201}
154 mondrian {'dm': 0.8666666666666667, 'cm': 0.4350821409644939, 'entropy': 0.464667164982228, 'acc': 0.31216931216931215}
155 datafly {'dm': 0.4, 'cm': 0.5458399576046635, 'entropy': 0.7619304252663136, 'acc': 0.3862433862433862}
155 mondrian {'dm': 0.7666666666666667, 'cm': 0.43084260731319557, 'entropy': 0.4142387509974174, 'acc': 0.4576719576719577}
156 datafly {'dm': 0.4, 'cm': 0.5458399576046635, 'entropy': 0.7703226614052165, 'acc': 0.3148148148148148}
156 mondrian {'dm': 0.8666666666666667, 'cm': 0.442501324854266, 'entropy': 0.4446489207557472, 'acc': 0.42857142857142855}
157 datafly {'dm': 0.3333333333333333, 'cm': 0.5606783253842077, 'entropy': 0.7544172462701624, 'acc': 0.3994708994708995}
157 mondrian {'dm': 0.8666666666666667, 'cm': 0.4175940646528882, 'entropy': 0.44185721957576957, 'acc': 0.4656084656084656}
158 datafly {'dm': 0.4666666666666667, 'cm': 0.5691573926868044, 'entropy': 0.736441957086941, 'acc': 0.3968253968253968}
158 mondrian {'dm': 0.8333333333333334, 'cm': 0.44992050874403816, 'entropy': 0.44925633437231893, 'acc': 0.4365079365079365}
159 datafly {'dm': 0.4, 'cm': 0.5458399576046635, 'entropy': 0.7816911092181804, 'acc': 0.30952380952380953}
159 mondrian {'dm': 0.7666666666666667, 'cm': 0.44091149973502913, 'entropy': 0.4607759893611024, 'acc': 0.3941798941798942}
160 datafly {'dm': 0.3333333333333333, 'cm': 0.5728669846316905, 'entropy': 0.7431816448485326, 'acc': 0.373015873015873}
160 mondrian {'dm': 0.8, 'cm': 0.4144144144144144, 'entropy': 0.4210191760251195, 'acc': 0.3201058201058201}
161 datafly {'dm': 0.4666666666666667, 'cm': 0.5553789083200847, 'entropy': 0.6922993475046771, 'acc': 0.3544973544973545}
161 mondrian {'dm': 0.8666666666666667, 'cm': 0.4276629570747218, 'entropy': 0.41497860979659873, 'acc': 0.4523809523809524}
162 datafly {'dm': 0.4, 'cm': 0.5458399576046635, 'entropy': 0.7619304252663136, 'acc': 0.3333333333333333}
162 mondrian {'dm': 0.8, 'cm': 0.43084260731319557, 'entropy': 0.5121482410500557, 'acc': 0.35185185185185186}
163 datafly {'dm': 0.3333333333333333, 'cm': 0.5786963434022258, 'entropy': 0.7827932944230968, 'acc': 0.36507936507936506}
163 mondrian {'dm': 0.8, 'cm': 0.43667196608373077, 'entropy': 0.4387299823398788, 'acc': 0.4973544973544973}
164 datafly {'dm': 0.3333333333333333, 'cm': 0.5659777424483307, 'entropy': 0.7526323310718299, 'acc': 0.42063492063492064}
164 mondrian {'dm': 0.8333333333333334, 'cm': 0.424483306836248, 'entropy': 0.4579688610685091, 'acc': 0.47883597883597884}
165 datafly {'dm': 0.3333333333333333, 'cm': 0.5384207737148914, 'entropy': 0.8115726868531419, 'acc': 0.3201058201058201}
165 mondrian {'dm': 0.8, 'cm': 0.39162692103868574, 'entropy': 0.3865395016089777, 'acc': 0.3994708994708995}
166 datafly {'dm': 0.4666666666666667, 'cm': 0.5320614732379438, 'entropy': 0.6629204053026346, 'acc': 0.3941798941798942}
166 mondrian {'dm': 0.8333333333333334, 'cm': 0.5098039215686274, 'entropy': 0.5258112961115293, 'acc': 0.3888888888888889}
167 datafly {'dm': 0.4, 'cm': 0.5930047694753577, 'entropy': 0.7930281662825406, 'acc': 0.31216931216931215}
167 mondrian {'dm': 0.7333333333333333, 'cm': 0.429782723900371, 'entropy': 0.4661428555253425, 'acc': 0.36507936507936506}
168 datafly {'dm': 0.4, 'cm': 0.5930047694753577, 'entropy': 0.7930281662825406, 'acc': 0.3253968253968254}
168 mondrian {'dm': 0.8, 'cm': 0.4165341812400636, 'entropy': 0.5157782208190689, 'acc': 0.3201058201058201}
169 datafly {'dm': 0.3333333333333333, 'cm': 0.5320614732379438, 'entropy': 0.7563242790372708, 'acc': 0.41534391534391535}
169 mondrian {'dm': 0.8333333333333334, 'cm': 0.43190249072602016, 'entropy': 0.4366777592295399, 'acc': 0.35978835978835977}
170 datafly {'dm': 0.4666666666666667, 'cm': 0.5553789083200847, 'entropy': 0.7064957820185369, 'acc': 0.3783068783068783}
170 mondrian {'dm': 0.8, 'cm': 0.4165341812400636, 'entropy': 0.4160826152166929, 'acc': 0.4470899470899471}
171 datafly {'dm': 0.4666666666666667, 'cm': 0.5320614732379438, 'entropy': 0.6879913808159471, 'acc': 0.37566137566137564}
171 mondrian {'dm': 0.8666666666666667, 'cm': 0.4165341812400636, 'entropy': 0.4045345752228725, 'acc': 0.3994708994708995}
172 datafly {'dm': 0.3333333333333333, 'cm': 0.5320614732379438, 'entropy': 0.7565960359884133, 'acc': 0.3862433862433862}
172 mondrian {'dm': 0.8333333333333334, 'cm': 0.40805511393746685, 'entropy': 0.39911086110619187, 'acc': 0.43386243386243384}
173 datafly {'dm': 0.3333333333333333, 'cm': 0.5744568097509274, 'entropy': 0.7920787019879938, 'acc': 0.3306878306878307}
173 mondrian {'dm': 0.8333333333333334, 'cm': 0.40805511393746685, 'entropy': 0.4509883223723607, 'acc': 0.3544973544973545}
174 datafly {'dm': 0.4, 'cm': 0.5458399576046635, 'entropy': 0.7816911092181804, 'acc': 0.3148148148148148}
174 mondrian {'dm': 0.8, 'cm': 0.41865394806571277, 'entropy': 0.3932591244991826, 'acc': 0.3835978835978836}
175 datafly {'dm': 0.4, 'cm': 0.5527291997880233, 'entropy': 0.7788166291577687, 'acc': 0.35978835978835977}
175 mondrian {'dm': 0.7333333333333333, 'cm': 0.4854266030736619, 'entropy': 0.5424728174142894, 'acc': 0.328042328042328}
176 datafly {'dm': 0.4, 'cm': 0.5930047694753577, 'entropy': 0.8186084211169234, 'acc': 0.3386243386243386}
176 mondrian {'dm': 0.8, 'cm': 0.40858505564387915, 'entropy': 0.3941131697675926, 'acc': 0.48412698412698413}
177 datafly {'dm': 0.4, 'cm': 0.5527291997880233, 'entropy': 0.7174304906702041, 'acc': 0.3439153439153439}
177 mondrian {'dm': 0.8666666666666667, 'cm': 0.42077371489136195, 'entropy': 0.4385511704673874, 'acc': 0.3544973544973545}
178 datafly {'dm': 0.4, 'cm': 0.5458399576046635, 'entropy': 0.7808923221159816, 'acc': 0.35978835978835977}
178 mondrian {'dm': 0.8333333333333334, 'cm': 0.4631690514043455, 'entropy': 0.49997100745677436, 'acc': 0.41005291005291006}
179 datafly {'dm': 0.3333333333333333, 'cm': 0.5728669846316905, 'entropy': 0.7431816448485326, 'acc': 0.37037037037037035}
179 mondrian {'dm': 0.8, 'cm': 0.40964493905670374, 'entropy': 0.3613012719390809, 'acc': 0.46825396825396826}
180 datafly {'dm': 0.3333333333333333, 'cm': 0.5728669846316905, 'entropy': 0.7431816448485326, 'acc': 0.3783068783068783}
180 mondrian {'dm': 0.8333333333333334, 'cm': 0.40805511393746685, 'entropy': 0.3596500664350464, 'acc': 0.41005291005291006}
181 datafly {'dm': 0.4666666666666667, 'cm': 0.5320614732379438, 'entropy': 0.6621222551917455, 'acc': 0.3888888888888889}
181 mondrian {'dm': 0.8666666666666667, 'cm': 0.40858505564387915, 'entropy': 0.4303670207916501, 'acc': 0.40476190476190477}
182 datafly {'dm': 0.4666666666666667, 'cm': 0.5691573926868044, 'entropy': 0.7008038346543197, 'acc': 0.3862433862433862}
182 mondrian {'dm': 0.8333333333333334, 'cm': 0.4419713831478537, 'entropy': 0.44346725005267834, 'acc': 0.42063492063492064}
183 datafly {'dm': 0.3333333333333333, 'cm': 0.5659777424483307, 'entropy': 0.7527720629934852, 'acc': 0.35978835978835977}
183 mondrian {'dm': 0.8333333333333334, 'cm': 0.4663487016428193, 'entropy': 0.5060078212978796, 'acc': 0.335978835978836}
184 datafly {'dm': 0.3333333333333333, 'cm': 0.5659777424483307, 'entropy': 0.7546295670198829, 'acc': 0.4074074074074074}
184 mondrian {'dm': 0.8, 'cm': 0.4780074191838898, 'entropy': 0.5167107077147296, 'acc': 0.455026455026455}
185 datafly {'dm': 0.3333333333333333, 'cm': 0.5320614732379438, 'entropy': 0.7571230661394696, 'acc': 0.3862433862433862}
185 mondrian {'dm': 0.8333333333333334, 'cm': 0.4440911499735029, 'entropy': 0.4365085939421134, 'acc': 0.4365079365079365}
186 datafly {'dm': 0.3333333333333333, 'cm': 0.5659777424483307, 'entropy': 0.7546295670198829, 'acc': 0.4074074074074074}
186 mondrian {'dm': 0.8, 'cm': 0.424483306836248, 'entropy': 0.4853622745081055, 'acc': 0.36243386243386244}
187 datafly {'dm': 0.3333333333333333, 'cm': 0.5749867514573397, 'entropy': 0.7637066165458866, 'acc': 0.38095238095238093}
187 mondrian {'dm': 0.8333333333333334, 'cm': 0.40434552199258084, 'entropy': 0.36442207653208264, 'acc': 0.4973544973544973}
188 datafly {'dm': 0.3333333333333333, 'cm': 0.5320614732379438, 'entropy': 0.7563242790372708, 'acc': 0.41534391534391535}
188 mondrian {'dm': 0.8, 'cm': 0.4160042395336513, 'entropy': 0.3790889708903694, 'acc': 0.49206349206349204}
189 datafly {'dm': 0.3333333333333333, 'cm': 0.5728669846316905, 'entropy': 0.7431816448485326, 'acc': 0.37037037037037035}
189 mondrian {'dm': 0.8333333333333334, 'cm': 0.3995760466348702, 'entropy': 0.4514935675591238, 'acc': 0.3835978835978836}
190 datafly {'dm': 0.4, 'cm': 0.5527291997880233, 'entropy': 0.776958537065555, 'acc': 0.35714285714285715}
190 mondrian {'dm': 0.8333333333333334, 'cm': 0.4631690514043455, 'entropy': 0.45715930739817134, 'acc': 0.4523809523809524}
191 datafly {'dm': 0.2, 'cm': 0.5866454689984102, 'entropy': 0.8374476140849348, 'acc': 0.3915343915343915}
191 mondrian {'dm': 0.8, 'cm': 0.40116587175410706, 'entropy': 0.37667606518029956, 'acc': 0.4523809523809524}
192 datafly {'dm': 0.3333333333333333, 'cm': 0.5818759936406995, 'entropy': 0.7663029082181748, 'acc': 0.373015873015873}
192 mondrian {'dm': 0.8333333333333334, 'cm': 0.40381558028616854, 'entropy': 0.40869046410107523, 'acc': 0.42328042328042326}
193 datafly {'dm': 0.3333333333333333, 'cm': 0.5320614732379438, 'entropy': 0.7563242790372708, 'acc': 0.42857142857142855}
193 mondrian {'dm': 0.7666666666666667, 'cm': 0.4430312665606783, 'entropy': 0.42886424940195356, 'acc': 0.4021164021164021}
194 datafly {'dm': 0.3333333333333333, 'cm': 0.5728669846316905, 'entropy': 0.7431816448485326, 'acc': 0.3783068783068783}
194 mondrian {'dm': 0.8666666666666667, 'cm': 0.43084260731319557, 'entropy': 0.39586776027962084, 'acc': 0.48412698412698413}
195 datafly {'dm': 0.3333333333333333, 'cm': 0.5834658187599364, 'entropy': 0.8282228205862087, 'acc': 0.3386243386243386}
195 mondrian {'dm': 0.8333333333333334, 'cm': 0.4260731319554849, 'entropy': 0.45004532216606513, 'acc': 0.3994708994708995}
196 datafly {'dm': 0.4666666666666667, 'cm': 0.5633280339162692, 'entropy': 0.7204345598066018, 'acc': 0.328042328042328}
196 mondrian {'dm': 0.8333333333333334, 'cm': 0.4742978272390037, 'entropy': 0.4678267650115864, 'acc': 0.4021164021164021}
197 datafly {'dm': 0.4666666666666667, 'cm': 0.5633280339162692, 'entropy': 0.7202948278849465, 'acc': 0.3968253968253968}
197 mondrian {'dm': 0.8333333333333334, 'cm': 0.43190249072602016, 'entropy': 0.43349192939625514, 'acc': 0.4417989417989418}
198 datafly {'dm': 0.2, 'cm': 0.5866454689984102, 'entropy': 0.8374476140849348, 'acc': 0.3915343915343915}
198 mondrian {'dm': 0.8333333333333334, 'cm': 0.42077371489136195, 'entropy': 0.4850478363855301, 'acc': 0.3835978835978836}
199 datafly {'dm': 0.4666666666666667, 'cm': 0.5633280339162692, 'entropy': 0.7204345598066018, 'acc': 0.35978835978835977}
199 mondrian {'dm': 0.7666666666666667, 'cm': 0.43826179120296765, 'entropy': 0.4047505561490572, 'acc': 0.3439153439153439}
200 datafly {'dm': 0.4, 'cm': 0.5527291997880233, 'entropy': 0.7598547323081009, 'acc': 0.3201058201058201}
200 mondrian {'dm': 0.8, 'cm': 0.44939056703762587, 'entropy': 0.4811108869972614, 'acc': 0.3386243386243386}
{('datafly', 1): {'dm': 0.4666666666666667, 'cm': 0.5553789083200847, 'entropy': 0.7064957820185369, 'acc': 0.35185185185185186}, ('mondrian', 1): {'dm': 0.8, 'cm': 0.4462109167991521, 'entropy': 0.4472577991438915, 'acc': 0.48677248677248675}, ('datafly', 2): {'dm': 0.4666666666666667, 'cm': 0.5315315315315315, 'entropy': 0.6814090409222198, 'acc': 0.3201058201058201}, ('mondrian', 2): {'dm': 0.8333333333333334, 'cm': 0.4758876523582406, 'entropy': 0.4938734616726556, 'acc': 0.42857142857142855}, ('datafly', 3): {'dm': 0.4, 'cm': 0.5527291997880233, 'entropy': 0.7279202405619292, 'acc': 0.4365079365079365}, ('mondrian', 3): {'dm': 0.8333333333333334, 'cm': 0.43084260731319557, 'entropy': 0.4293612216137347, 'acc': 0.3915343915343915}, ('datafly', 4): {'dm': 0.3333333333333333, 'cm': 0.5728669846316905, 'entropy': 0.753819625608721, 'acc': 0.3783068783068783}, ('mondrian', 4): {'dm': 0.8666666666666667, 'cm': 0.3958664546899841, 'entropy': 0.37719076687661995, 'acc': 0.4947089947089947}, ('datafly', 5): {'dm': 0.3333333333333333, 'cm': 0.5786963434022258, 'entropy': 0.8008228203507648, 'acc': 0.36507936507936506}, ('mondrian', 5): {'dm': 0.8, 'cm': 0.47058823529411764, 'entropy': 0.5043029559571385, 'acc': 0.35714285714285715}, ('datafly', 6): {'dm': 0.4666666666666667, 'cm': 0.5209326974032856, 'entropy': 0.7238520235279341, 'acc': 0.3333333333333333}, ('mondrian', 6): {'dm': 0.8333333333333334, 'cm': 0.4138844727080021, 'entropy': 0.43671757000993944, 'acc': 0.3783068783068783}, ('datafly', 7): {'dm': 0.4666666666666667, 'cm': 0.5633280339162692, 'entropy': 0.699756272039084, 'acc': 0.3333333333333333}, ('mondrian', 7): {'dm': 0.8, 'cm': 0.41017488076311603, 'entropy': 0.37317380063245514, 'acc': 0.47354497354497355}, ('datafly', 8): {'dm': 0.4666666666666667, 'cm': 0.5691573926868044, 'entropy': 0.7110846533869185, 'acc': 0.3941798941798942}, ('mondrian', 8): {'dm': 0.8, 'cm': 0.47111817700052994, 'entropy': 0.527273606186745, 'acc': 0.4576719576719577}, ('datafly', 9): {'dm': 0.3333333333333333, 'cm': 0.5850556438791733, 'entropy': 0.8302429683498823, 'acc': 0.34656084656084657}, ('mondrian', 9): {'dm': 0.8, 'cm': 0.38897721250662426, 'entropy': 0.3564392660365074, 'acc': 0.4365079365079365}, ('datafly', 10): {'dm': 0.4666666666666667, 'cm': 0.5564387917329093, 'entropy': 0.6968338800097424, 'acc': 0.41534391534391535}, ('mondrian', 10): {'dm': 0.8666666666666667, 'cm': 0.43296237413884475, 'entropy': 0.504231243344643, 'acc': 0.36243386243386244}, ('datafly', 11): {'dm': 0.4, 'cm': 0.5930047694753577, 'entropy': 0.7930281662825406, 'acc': 0.35978835978835977}, ('mondrian', 11): {'dm': 0.8666666666666667, 'cm': 0.42183359830418654, 'entropy': 0.4336201103152227, 'acc': 0.37566137566137564}, ('datafly', 12): {'dm': 0.4, 'cm': 0.5993640699523053, 'entropy': 0.833451237592027, 'acc': 0.3201058201058201}, ('mondrian', 12): {'dm': 0.8, 'cm': 0.4281928987811341, 'entropy': 0.44342754228944986, 'acc': 0.3544973544973545}, ('datafly', 13): {'dm': 0.4, 'cm': 0.5458399576046635, 'entropy': 0.7627292123685122, 'acc': 0.30687830687830686}, ('mondrian', 13): {'dm': 0.8666666666666667, 'cm': 0.4260731319554849, 'entropy': 0.37363712779602354, 'acc': 0.42592592592592593}, ('datafly', 14): {'dm': 0.3333333333333333, 'cm': 0.5659777424483307, 'entropy': 0.7526323310718299, 'acc': 0.4021164021164021}, ('mondrian', 14): {'dm': 0.8333333333333334, 'cm': 0.4266030736618972, 'entropy': 0.41977665826775573, 'acc': 0.47619047619047616}, ('datafly', 15): {'dm': 0.4666666666666667, 'cm': 0.5691573926868044, 'entropy': 0.6720734196994848, 'acc': 0.37566137566137564}, ('mondrian', 15): {'dm': 0.8333333333333334, 'cm': 0.4440911499735029, 'entropy': 0.42839892981713634, 'acc': 0.32275132275132273}, ('datafly', 16): {'dm': 0.3333333333333333, 'cm': 0.5320614732379438, 'entropy': 0.7571230661394696, 'acc': 0.3835978835978836}, ('mondrian', 16): {'dm': 0.8333333333333334, 'cm': 0.4149443561208267, 'entropy': 0.4190965588443756, 'acc': 0.3994708994708995}, ('datafly', 17): {'dm': 0.3333333333333333, 'cm': 0.5320614732379438, 'entropy': 0.7565960359884133, 'acc': 0.3941798941798942}, ('mondrian', 17): {'dm': 0.8, 'cm': 0.45310015898251194, 'entropy': 0.44812871356667205, 'acc': 0.3333333333333333}, ('datafly', 18): {'dm': 0.4, 'cm': 0.548489666136725, 'entropy': 0.728507767098505, 'acc': 0.3862433862433862}, ('mondrian', 18): {'dm': 0.8333333333333334, 'cm': 0.4467408585055644, 'entropy': 0.470851852005411, 'acc': 0.42063492063492064}, ('datafly', 19): {'dm': 0.3333333333333333, 'cm': 0.5728669846316905, 'entropy': 0.7687794602738245, 'acc': 0.3915343915343915}, ('mondrian', 19): {'dm': 0.8, 'cm': 0.42130365659777425, 'entropy': 0.37420264133814884, 'acc': 0.4947089947089947}, ('datafly', 20): {'dm': 0.3333333333333333, 'cm': 0.5744568097509274, 'entropy': 0.7920787019879938, 'acc': 0.3333333333333333}, ('mondrian', 20): {'dm': 0.8333333333333334, 'cm': 0.46793852676205616, 'entropy': 0.5116876805596298, 'acc': 0.46296296296296297}, ('datafly', 21): {'dm': 0.4, 'cm': 0.548489666136725, 'entropy': 0.728507767098505, 'acc': 0.3862433862433862}, ('mondrian', 21): {'dm': 0.8333333333333334, 'cm': 0.4483306836248013, 'entropy': 0.4408891995321156, 'acc': 0.4497354497354497}, ('datafly', 22): {'dm': 0.4666666666666667, 'cm': 0.5633280339162692, 'entropy': 0.699756272039084, 'acc': 0.36243386243386244}, ('mondrian', 22): {'dm': 0.8666666666666667, 'cm': 0.43826179120296765, 'entropy': 0.4012239844901282, 'acc': 0.3968253968253968}, ('datafly', 23): {'dm': 0.3333333333333333, 'cm': 0.5818759936406995, 'entropy': 0.7663029082181748, 'acc': 0.3862433862433862}, ('mondrian', 23): {'dm': 0.8333333333333334, 'cm': 0.3995760466348702, 'entropy': 0.3431983100594624, 'acc': 0.3888888888888889}, ('datafly', 24): {'dm': 0.3333333333333333, 'cm': 0.5744568097509274, 'entropy': 0.8029201196499012, 'acc': 0.35978835978835977}, ('mondrian', 24): {'dm': 0.8, 'cm': 0.4160042395336513, 'entropy': 0.42707527810430673, 'acc': 0.37566137566137564}, ('datafly', 25): {'dm': 0.4666666666666667, 'cm': 0.5633280339162692, 'entropy': 0.683521341870835, 'acc': 0.36243386243386244}, ('mondrian', 25): {'dm': 0.8333333333333334, 'cm': 0.38897721250662426, 'entropy': 0.4348800090260513, 'acc': 0.3253968253968254}, ('datafly', 26): {'dm': 0.4666666666666667, 'cm': 0.566507684154743, 'entropy': 0.7184191253394289, 'acc': 0.3201058201058201}, ('mondrian', 26): {'dm': 0.8333333333333334, 'cm': 0.4128245892951775, 'entropy': 0.4328015246055802, 'acc': 0.4312169312169312}, ('datafly', 27): {'dm': 0.4666666666666667, 'cm': 0.5320614732379438, 'entropy': 0.6735672760975209, 'acc': 0.3862433862433862}, ('mondrian', 27): {'dm': 0.8, 'cm': 0.4552199258081611, 'entropy': 0.41703814366331876, 'acc': 0.4603174603174603}, ('datafly', 28): {'dm': 0.4666666666666667, 'cm': 0.5320614732379438, 'entropy': 0.6885179906877762, 'acc': 0.3783068783068783}, ('mondrian', 28): {'dm': 0.8333333333333334, 'cm': 0.383147853736089, 'entropy': 0.3803611669483607, 'acc': 0.3492063492063492}, ('datafly', 29): {'dm': 0.3333333333333333, 'cm': 0.5818759936406995, 'entropy': 0.784410284456158, 'acc': 0.3915343915343915}, ('mondrian', 29): {'dm': 0.8666666666666667, 'cm': 0.41865394806571277, 'entropy': 0.40842561413254636, 'acc': 0.42592592592592593}, ('datafly', 30): {'dm': 0.3333333333333333, 'cm': 0.5384207737148914, 'entropy': 0.810329819545365, 'acc': 0.3201058201058201}, ('mondrian', 30): {'dm': 0.8, 'cm': 0.45204027556968734, 'entropy': 0.45042215953451836, 'acc': 0.328042328042328}, ('datafly', 31): {'dm': 0.2, 'cm': 0.5866454689984102, 'entropy': 0.8374476140849348, 'acc': 0.3915343915343915}, ('mondrian', 31): {'dm': 0.8333333333333334, 'cm': 0.39215686274509803, 'entropy': 0.376056782639164, 'acc': 0.43915343915343913}, ('datafly', 32): {'dm': 0.3333333333333333, 'cm': 0.5384207737148914, 'entropy': 0.8115726868531419, 'acc': 0.3201058201058201}, ('mondrian', 32): {'dm': 0.7666666666666667, 'cm': 0.4578696343402226, 'entropy': 0.5325645193029169, 'acc': 0.3201058201058201}, ('datafly', 33): {'dm': 0.4666666666666667, 'cm': 0.5707472178060413, 'entropy': 0.7117265082531455, 'acc': 0.36507936507936506}, ('mondrian', 33): {'dm': 0.8333333333333334, 'cm': 0.41812400635930047, 'entropy': 0.4052619619872072, 'acc': 0.3544973544973545}, ('datafly', 34): {'dm': 0.4666666666666667, 'cm': 0.519872813990461, 'entropy': 0.6630328027820468, 'acc': 0.373015873015873}, ('mondrian', 34): {'dm': 0.8666666666666667, 'cm': 0.45204027556968734, 'entropy': 0.4754882843688672, 'acc': 0.4021164021164021}, ('datafly', 35): {'dm': 0.2, 'cm': 0.5866454689984102, 'entropy': 0.8374476140849348, 'acc': 0.3915343915343915}, ('mondrian', 35): {'dm': 0.9, 'cm': 0.4350821409644939, 'entropy': 0.41799786260111177, 'acc': 0.4708994708994709}, ('datafly', 36): {'dm': 0.4666666666666667, 'cm': 0.5707472178060413, 'entropy': 0.7504784804735148, 'acc': 0.36507936507936506}, ('mondrian', 36): {'dm': 0.8, 'cm': 0.3932167461579226, 'entropy': 0.4360920094651993, 'acc': 0.3412698412698413}, ('datafly', 37): {'dm': 0.3333333333333333, 'cm': 0.5320614732379438, 'entropy': 0.7563242790372708, 'acc': 0.41798941798941797}, ('mondrian', 37): {'dm': 0.8333333333333334, 'cm': 0.48913619501854794, 'entropy': 0.5483960463468408, 'acc': 0.3333333333333333}, ('datafly', 38): {'dm': 0.3333333333333333, 'cm': 0.5320614732379438, 'entropy': 0.7571230661394696, 'acc': 0.36243386243386244}, ('mondrian', 38): {'dm': 0.8, 'cm': 0.43773184949655536, 'entropy': 0.49061622429966995, 'acc': 0.42592592592592593}, ('datafly', 39): {'dm': 0.3333333333333333, 'cm': 0.5744568097509274, 'entropy': 0.7920787019879938, 'acc': 0.34656084656084657}, ('mondrian', 39): {'dm': 0.8, 'cm': 0.40646528881823, 'entropy': 0.41274262007573437, 'acc': 0.34656084656084657}, ('datafly', 40): {'dm': 0.3333333333333333, 'cm': 0.5384207737148914, 'entropy': 0.8115726868531419, 'acc': 0.3201058201058201}, ('mondrian', 40): {'dm': 0.8666666666666667, 'cm': 0.4239533651298357, 'entropy': 0.40122108181244126, 'acc': 0.5052910052910053}, ('datafly', 41): {'dm': 0.3333333333333333, 'cm': 0.5786963434022258, 'entropy': 0.7827932944230968, 'acc': 0.36507936507936506}, ('mondrian', 41): {'dm': 0.8, 'cm': 0.4117647058823529, 'entropy': 0.4836968585855013, 'acc': 0.3253968253968254}, ('datafly', 42): {'dm': 0.3333333333333333, 'cm': 0.5320614732379438, 'entropy': 0.7565960359884133, 'acc': 0.3862433862433862}, ('mondrian', 42): {'dm': 0.9, 'cm': 0.456809750927398, 'entropy': 0.4340553022582119, 'acc': 0.3968253968253968}, ('datafly', 43): {'dm': 0.4666666666666667, 'cm': 0.5564387917329093, 'entropy': 0.6968338800097424, 'acc': 0.41534391534391535}, ('mondrian', 43): {'dm': 0.8, 'cm': 0.4271330153683095, 'entropy': 0.4576982003487661, 'acc': 0.3333333333333333}, ('datafly', 44): {'dm': 0.4666666666666667, 'cm': 0.4970853206147324, 'entropy': 0.7312846991871844, 'acc': 0.3201058201058201}, ('mondrian', 44): {'dm': 0.8, 'cm': 0.397456279809221, 'entropy': 0.3890027943412138, 'acc': 0.43386243386243384}, ('datafly', 45): {'dm': 0.4666666666666667, 'cm': 0.5145733969263381, 'entropy': 0.6724557181429562, 'acc': 0.42063492063492064}, ('mondrian', 45): {'dm': 0.8666666666666667, 'cm': 0.3942766295707472, 'entropy': 0.4361577705505594, 'acc': 0.3994708994708995}, ('datafly', 46): {'dm': 0.3333333333333333, 'cm': 0.5686274509803921, 'entropy': 0.7496340113381967, 'acc': 0.41534391534391535}, ('mondrian', 46): {'dm': 0.8666666666666667, 'cm': 0.41865394806571277, 'entropy': 0.4086218132432528, 'acc': 0.3888888888888889}, ('datafly', 47): {'dm': 0.4666666666666667, 'cm': 0.530471648118707, 'entropy': 0.7094886222607258, 'acc': 0.3306878306878307}, ('mondrian', 47): {'dm': 0.8333333333333334, 'cm': 0.4615792262851086, 'entropy': 0.4888427753406169, 'acc': 0.31746031746031744}, ('datafly', 48): {'dm': 0.4666666666666667, 'cm': 0.5654478007419184, 'entropy': 0.6598880306570885, 'acc': 0.3412698412698413}, ('mondrian', 48): {'dm': 0.8333333333333334, 'cm': 0.43667196608373077, 'entropy': 0.4211934668518029, 'acc': 0.38095238095238093}, ('datafly', 49): {'dm': 0.4666666666666667, 'cm': 0.5320614732379438, 'entropy': 0.6735672760975209, 'acc': 0.41798941798941797}, ('mondrian', 49): {'dm': 0.9, 'cm': 0.3783783783783784, 'entropy': 0.35947947848074324, 'acc': 0.4365079365079365}, ('datafly', 50): {'dm': 0.4, 'cm': 0.5527291997880233, 'entropy': 0.7768191962317892, 'acc': 0.3148148148148148}, ('mondrian', 50): {'dm': 0.7666666666666667, 'cm': 0.44992050874403816, 'entropy': 0.5243453219681232, 'acc': 0.38095238095238093}, ('datafly', 51): {'dm': 0.4666666666666667, 'cm': 0.5315315315315315, 'entropy': 0.7017967376798165, 'acc': 0.3201058201058201}, ('mondrian', 51): {'dm': 0.8, 'cm': 0.42130365659777425, 'entropy': 0.4629670846865153, 'acc': 0.42592592592592593}, ('datafly', 52): {'dm': 0.3333333333333333, 'cm': 0.5834658187599364, 'entropy': 0.8282228205862087, 'acc': 0.3201058201058201}, ('mondrian', 52): {'dm': 0.8333333333333334, 'cm': 0.4122946475887652, 'entropy': 0.3996132563778492, 'acc': 0.3994708994708995}, ('datafly', 53): {'dm': 0.4, 'cm': 0.5527291997880233, 'entropy': 0.7299176734879087, 'acc': 0.4021164021164021}, ('mondrian', 53): {'dm': 0.8666666666666667, 'cm': 0.43667196608373077, 'entropy': 0.4535976835799292, 'acc': 0.32275132275132273}, ('datafly', 54): {'dm': 0.3333333333333333, 'cm': 0.5945945945945946, 'entropy': 0.8739613949044588, 'acc': 0.3544973544973545}, ('mondrian', 54): {'dm': 0.8333333333333334, 'cm': 0.4112347641759406, 'entropy': 0.3983472679419462, 'acc': 0.4603174603174603}, ('datafly', 55): {'dm': 0.3333333333333333, 'cm': 0.5384207737148914, 'entropy': 0.810329819545365, 'acc': 0.3201058201058201}, ('mondrian', 55): {'dm': 0.8666666666666667, 'cm': 0.4175940646528882, 'entropy': 0.43236059467850624, 'acc': 0.42328042328042326}, ('datafly', 56): {'dm': 0.2, 'cm': 0.5866454689984102, 'entropy': 0.8374476140849348, 'acc': 0.3915343915343915}, ('mondrian', 56): {'dm': 0.8333333333333334, 'cm': 0.38791732909379967, 'entropy': 0.34783293955493194, 'acc': 0.455026455026455}, ('datafly', 57): {'dm': 0.3333333333333333, 'cm': 0.5744568097509274, 'entropy': 0.7839582228002334, 'acc': 0.3306878306878307}, ('mondrian', 57): {'dm': 0.7666666666666667, 'cm': 0.415474297827239, 'entropy': 0.4331635172950896, 'acc': 0.4312169312169312}, ('datafly', 58): {'dm': 0.4, 'cm': 0.5930047694753577, 'entropy': 0.8186084211169234, 'acc': 0.335978835978836}, ('mondrian', 58): {'dm': 0.8333333333333334, 'cm': 0.3937466878643349, 'entropy': 0.3665692295903838, 'acc': 0.5158730158730159}, ('datafly', 59): {'dm': 0.4666666666666667, 'cm': 0.5691573926868044, 'entropy': 0.7325115251708361, 'acc': 0.35714285714285715}, ('mondrian', 59): {'dm': 0.8333333333333334, 'cm': 0.424483306836248, 'entropy': 0.46234133371868974, 'acc': 0.4497354497354497}, ('datafly', 60): {'dm': 0.3333333333333333, 'cm': 0.5744568097509274, 'entropy': 0.7839582228002334, 'acc': 0.3306878306878307}, ('mondrian', 60): {'dm': 0.8333333333333334, 'cm': 0.46952835188129305, 'entropy': 0.517071731768585, 'acc': 0.31746031746031744}, ('datafly', 61): {'dm': 0.3333333333333333, 'cm': 0.5659777424483307, 'entropy': 0.7526323310718299, 'acc': 0.4021164021164021}, ('mondrian', 61): {'dm': 0.8, 'cm': 0.43667196608373077, 'entropy': 0.47395673365022595, 'acc': 0.36772486772486773}, ('datafly', 62): {'dm': 0.4666666666666667, 'cm': 0.5320614732379438, 'entropy': 0.6621222551917455, 'acc': 0.37566137566137564}, ('mondrian', 62): {'dm': 0.8333333333333334, 'cm': 0.4260731319554849, 'entropy': 0.41344456808693314, 'acc': 0.3544973544973545}, ('datafly', 63): {'dm': 0.3333333333333333, 'cm': 0.5384207737148914, 'entropy': 0.7754993042796424, 'acc': 0.3201058201058201}, ('mondrian', 63): {'dm': 0.7666666666666667, 'cm': 0.4462109167991521, 'entropy': 0.4846955183478658, 'acc': 0.35978835978835977}, ('datafly', 64): {'dm': 0.4, 'cm': 0.5527291997880233, 'entropy': 0.7299176734879087, 'acc': 0.3888888888888889}, ('mondrian', 64): {'dm': 0.8666666666666667, 'cm': 0.4133545310015898, 'entropy': 0.4079360576401725, 'acc': 0.46296296296296297}, ('datafly', 65): {'dm': 0.4666666666666667, 'cm': 0.5574986751457339, 'entropy': 0.6557364872494995, 'acc': 0.42063492063492064}, ('mondrian', 65): {'dm': 0.8333333333333334, 'cm': 0.38950715421303655, 'entropy': 0.3842993535017939, 'acc': 0.35714285714285715}, ('datafly', 66): {'dm': 0.3333333333333333, 'cm': 0.5320614732379438, 'entropy': 0.7563242790372708, 'acc': 0.3835978835978836}, ('mondrian', 66): {'dm': 0.8, 'cm': 0.42130365659777425, 'entropy': 0.4499814925441687, 'acc': 0.34656084656084657}, ('datafly', 67): {'dm': 0.3333333333333333, 'cm': 0.5744568097509274, 'entropy': 0.7920787019879938, 'acc': 0.3333333333333333}, ('mondrian', 67): {'dm': 0.8, 'cm': 0.447800741918389, 'entropy': 0.42597502411999305, 'acc': 0.4417989417989418}, ('datafly', 68): {'dm': 0.3333333333333333, 'cm': 0.5320614732379438, 'entropy': 0.7571230661394696, 'acc': 0.36243386243386244}, ('mondrian', 68): {'dm': 0.8333333333333334, 'cm': 0.4430312665606783, 'entropy': 0.4196347197542506, 'acc': 0.36507936507936506}, ('datafly', 69): {'dm': 0.4, 'cm': 0.5527291997880233, 'entropy': 0.7598547323081009, 'acc': 0.3783068783068783}, ('mondrian', 69): {'dm': 0.8, 'cm': 0.43826179120296765, 'entropy': 0.42690851797590285, 'acc': 0.3835978835978836}, ('datafly', 70): {'dm': 0.3333333333333333, 'cm': 0.5320614732379438, 'entropy': 0.7563242790372708, 'acc': 0.3835978835978836}, ('mondrian', 70): {'dm': 0.8333333333333334, 'cm': 0.42289348171701113, 'entropy': 0.3763386641504776, 'acc': 0.48412698412698413}, ('datafly', 71): {'dm': 0.3333333333333333, 'cm': 0.5818759936406995, 'entropy': 0.7663029082181748, 'acc': 0.3915343915343915}, ('mondrian', 71): {'dm': 0.8, 'cm': 0.41865394806571277, 'entropy': 0.4042422010510612, 'acc': 0.49206349206349204}, ('datafly', 72): {'dm': 0.4666666666666667, 'cm': 0.5707472178060413, 'entropy': 0.7478552215139257, 'acc': 0.36243386243386244}, ('mondrian', 72): {'dm': 0.8, 'cm': 0.43667196608373077, 'entropy': 0.4139984719994824, 'acc': 0.4523809523809524}, ('datafly', 73): {'dm': 0.4666666666666667, 'cm': 0.5691573926868044, 'entropy': 0.7108441416616491, 'acc': 0.36772486772486773}, ('mondrian', 73): {'dm': 0.8333333333333334, 'cm': 0.46952835188129305, 'entropy': 0.4871113567202622, 'acc': 0.3888888888888889}, ('datafly', 74): {'dm': 0.3333333333333333, 'cm': 0.5834658187599364, 'entropy': 0.8282228205862087, 'acc': 0.3439153439153439}, ('mondrian', 74): {'dm': 0.8333333333333334, 'cm': 0.442501324854266, 'entropy': 0.4539145465699381, 'acc': 0.36243386243386244}, ('datafly', 75): {'dm': 0.4666666666666667, 'cm': 0.5633280339162692, 'entropy': 0.6815241059227821, 'acc': 0.3941798941798942}, ('mondrian', 75): {'dm': 0.8333333333333334, 'cm': 0.43084260731319557, 'entropy': 0.4240324417005371, 'acc': 0.4444444444444444}, ('datafly', 76): {'dm': 0.3333333333333333, 'cm': 0.5850556438791733, 'entropy': 0.8302429683498823, 'acc': 0.3253968253968254}, ('mondrian', 76): {'dm': 0.8333333333333334, 'cm': 0.40911499735029144, 'entropy': 0.3767465124285005, 'acc': 0.4603174603174603}, ('datafly', 77): {'dm': 0.4666666666666667, 'cm': 0.5267620561738209, 'entropy': 0.6724098171975924, 'acc': 0.3915343915343915}, ('mondrian', 77): {'dm': 0.9, 'cm': 0.4059353471118177, 'entropy': 0.44548088443425266, 'acc': 0.47619047619047616}, ('datafly', 78): {'dm': 0.3333333333333333, 'cm': 0.5728669846316905, 'entropy': 0.7431816448485326, 'acc': 0.3783068783068783}, ('mondrian', 78): {'dm': 0.8333333333333334, 'cm': 0.40646528881823, 'entropy': 0.42725033868620066, 'acc': 0.37037037037037035}, ('datafly', 79): {'dm': 0.3333333333333333, 'cm': 0.5786963434022258, 'entropy': 0.8008228203507648, 'acc': 0.36507936507936506}, ('mondrian', 79): {'dm': 0.8, 'cm': 0.4848966613672496, 'entropy': 0.5324879987685687, 'acc': 0.4074074074074074}, ('datafly', 80): {'dm': 0.3333333333333333, 'cm': 0.5744568097509274, 'entropy': 0.7920787019879938, 'acc': 0.328042328042328}, ('mondrian', 80): {'dm': 0.9, 'cm': 0.3969263381028087, 'entropy': 0.37542602768090777, 'acc': 0.4470899470899471}, ('datafly', 81): {'dm': 0.4666666666666667, 'cm': 0.5691573926868044, 'entropy': 0.6827114004596732, 'acc': 0.3862433862433862}, ('mondrian', 81): {'dm': 0.8666666666666667, 'cm': 0.4430312665606783, 'entropy': 0.418272105906879, 'acc': 0.4523809523809524}, ('datafly', 82): {'dm': 0.4, 'cm': 0.5527291997880233, 'entropy': 0.776958537065555, 'acc': 0.3492063492063492}, ('mondrian', 82): {'dm': 0.8666666666666667, 'cm': 0.41070482246952833, 'entropy': 0.38720078633054633, 'acc': 0.373015873015873}, ('datafly', 83): {'dm': 0.4, 'cm': 0.5527291997880233, 'entropy': 0.7430285361356466, 'acc': 0.35978835978835977}, ('mondrian', 83): {'dm': 0.8, 'cm': 0.4133545310015898, 'entropy': 0.4047515079533107, 'acc': 0.35978835978835977}, ('datafly', 84): {'dm': 0.4666666666666667, 'cm': 0.5564387917329093, 'entropy': 0.7174866648969996, 'acc': 0.4074074074074074}, ('mondrian', 84): {'dm': 0.8333333333333334, 'cm': 0.4160042395336513, 'entropy': 0.450836633109168, 'acc': 0.373015873015873}, ('datafly', 85): {'dm': 0.3333333333333333, 'cm': 0.5659777424483307, 'entropy': 0.7526323310718299, 'acc': 0.4021164021164021}, ('mondrian', 85): {'dm': 0.8333333333333334, 'cm': 0.43243243243243246, 'entropy': 0.37476219439803504, 'acc': 0.4365079365079365}, ('datafly', 86): {'dm': 0.3333333333333333, 'cm': 0.5744568097509274, 'entropy': 0.7920787019879938, 'acc': 0.335978835978836}, ('mondrian', 86): {'dm': 0.8, 'cm': 0.41812400635930047, 'entropy': 0.41959812790024853, 'acc': 0.35185185185185186}, ('datafly', 87): {'dm': 0.3333333333333333, 'cm': 0.5728669846316905, 'entropy': 0.753819625608721, 'acc': 0.373015873015873}, ('mondrian', 87): {'dm': 0.8666666666666667, 'cm': 0.4271330153683095, 'entropy': 0.4677814277754451, 'acc': 0.35185185185185186}, ('datafly', 88): {'dm': 0.3333333333333333, 'cm': 0.5818759936406995, 'entropy': 0.784410284456158, 'acc': 0.3915343915343915}, ('mondrian', 88): {'dm': 0.8333333333333334, 'cm': 0.4287228404875464, 'entropy': 0.403293503082788, 'acc': 0.46296296296296297}, ('datafly', 89): {'dm': 0.3333333333333333, 'cm': 0.5850556438791733, 'entropy': 0.7882596553254528, 'acc': 0.36243386243386244}, ('mondrian', 89): {'dm': 0.8, 'cm': 0.4069952305246423, 'entropy': 0.4198886416197596, 'acc': 0.4365079365079365}, ('datafly', 90): {'dm': 0.4666666666666667, 'cm': 0.5691573926868044, 'entropy': 0.6720734196994848, 'acc': 0.3888888888888889}, ('mondrian', 90): {'dm': 0.8333333333333334, 'cm': 0.43614202437731847, 'entropy': 0.47458369198304257, 'acc': 0.37566137566137564}, ('datafly', 91): {'dm': 0.4666666666666667, 'cm': 0.5691573926868044, 'entropy': 0.7008038346543197, 'acc': 0.35185185185185186}, ('mondrian', 91): {'dm': 0.8, 'cm': 0.4960254372019078, 'entropy': 0.5102145342683294, 'acc': 0.4523809523809524}, ('datafly', 92): {'dm': 0.4, 'cm': 0.5458399576046635, 'entropy': 0.7808923221159816, 'acc': 0.40476190476190477}, ('mondrian', 92): {'dm': 0.8333333333333334, 'cm': 0.4160042395336513, 'entropy': 0.4059348820396305, 'acc': 0.3835978835978836}, ('datafly', 93): {'dm': 0.3333333333333333, 'cm': 0.5728669846316905, 'entropy': 0.753819625608721, 'acc': 0.373015873015873}, ('mondrian', 93): {'dm': 0.8333333333333334, 'cm': 0.45257021727609964, 'entropy': 0.4583422817282917, 'acc': 0.4444444444444444}, ('datafly', 94): {'dm': 0.3333333333333333, 'cm': 0.5744568097509274, 'entropy': 0.7839582228002334, 'acc': 0.32275132275132273}, ('mondrian', 94): {'dm': 0.8333333333333334, 'cm': 0.40434552199258084, 'entropy': 0.38175497645816864, 'acc': 0.455026455026455}, ('datafly', 95): {'dm': 0.3333333333333333, 'cm': 0.5744568097509274, 'entropy': 0.8029201196499012, 'acc': 0.36507936507936506}, ('mondrian', 95): {'dm': 0.8, 'cm': 0.4435612082670906, 'entropy': 0.43247553508016656, 'acc': 0.3201058201058201}, ('datafly', 96): {'dm': 0.4, 'cm': 0.5527291997880233, 'entropy': 0.7598547323081009, 'acc': 0.36507936507936506}, ('mondrian', 96): {'dm': 0.8333333333333334, 'cm': 0.45045045045045046, 'entropy': 0.46969764426019256, 'acc': 0.3253968253968254}, ('datafly', 97): {'dm': 0.4, 'cm': 0.5527291997880233, 'entropy': 0.776958537065555, 'acc': 0.3412698412698413}, ('mondrian', 97): {'dm': 0.8, 'cm': 0.424483306836248, 'entropy': 0.4112933441921448, 'acc': 0.373015873015873}, ('datafly', 98): {'dm': 0.2, 'cm': 0.5866454689984102, 'entropy': 0.8374476140849348, 'acc': 0.3915343915343915}, ('mondrian', 98): {'dm': 0.8666666666666667, 'cm': 0.4430312665606783, 'entropy': 0.4412911043060727, 'acc': 0.328042328042328}, ('datafly', 99): {'dm': 0.4666666666666667, 'cm': 0.5574986751457339, 'entropy': 0.6761419021980165, 'acc': 0.3888888888888889}, ('mondrian', 99): {'dm': 0.8, 'cm': 0.38738738738738737, 'entropy': 0.4256391444716316, 'acc': 0.4021164021164021}, ('datafly', 100): {'dm': 0.4666666666666667, 'cm': 0.5082140964493905, 'entropy': 0.6705185636212194, 'acc': 0.41798941798941797}, ('mondrian', 100): {'dm': 0.8333333333333334, 'cm': 0.442501324854266, 'entropy': 0.49643257770049504, 'acc': 0.35185185185185186}, ('datafly', 101): {'dm': 0.4, 'cm': 0.5993640699523053, 'entropy': 0.8415717167797874, 'acc': 0.3201058201058201}, ('mondrian', 101): {'dm': 0.8333333333333334, 'cm': 0.42236354001059884, 'entropy': 0.41635913147098447, 'acc': 0.47619047619047616}, ('datafly', 102): {'dm': 0.3333333333333333, 'cm': 0.5320614732379438, 'entropy': 0.7565960359884133, 'acc': 0.36243386243386244}, ('mondrian', 102): {'dm': 0.8333333333333334, 'cm': 0.42289348171701113, 'entropy': 0.37900437549396093, 'acc': 0.4126984126984127}, ('datafly', 103): {'dm': 0.3333333333333333, 'cm': 0.5728669846316905, 'entropy': 0.753819625608721, 'acc': 0.37566137566137564}, ('mondrian', 103): {'dm': 0.8333333333333334, 'cm': 0.40010598834128247, 'entropy': 0.3704614569502729, 'acc': 0.34656084656084657}, ('datafly', 104): {'dm': 0.4666666666666667, 'cm': 0.5320614732379438, 'entropy': 0.6621222551917455, 'acc': 0.3994708994708995}, ('mondrian', 104): {'dm': 0.8333333333333334, 'cm': 0.4859565447800742, 'entropy': 0.5428358171221244, 'acc': 0.3333333333333333}, ('datafly', 105): {'dm': 0.4666666666666667, 'cm': 0.5707472178060413, 'entropy': 0.7874825966405706, 'acc': 0.36507936507936506}, ('mondrian', 105): {'dm': 0.8333333333333334, 'cm': 0.3942766295707472, 'entropy': 0.37825498746584846, 'acc': 0.3835978835978836}, ('datafly', 106): {'dm': 0.4666666666666667, 'cm': 0.5320614732379438, 'entropy': 0.6885179906877762, 'acc': 0.36772486772486773}, ('mondrian', 106): {'dm': 0.8333333333333334, 'cm': 0.43932167461579225, 'entropy': 0.4876771156584067, 'acc': 0.3994708994708995}, ('datafly', 107): {'dm': 0.4666666666666667, 'cm': 0.4970853206147324, 'entropy': 0.7312846991871844, 'acc': 0.3201058201058201}, ('mondrian', 107): {'dm': 0.8333333333333334, 'cm': 0.42183359830418654, 'entropy': 0.4307413463242775, 'acc': 0.41534391534391535}, ('datafly', 108): {'dm': 0.3333333333333333, 'cm': 0.5516693163751988, 'entropy': 0.7678572939637355, 'acc': 0.36772486772486773}, ('mondrian', 108): {'dm': 0.7666666666666667, 'cm': 0.42130365659777425, 'entropy': 0.42243508782765526, 'acc': 0.47354497354497355}, ('datafly', 109): {'dm': 0.3333333333333333, 'cm': 0.5744568097509274, 'entropy': 0.7920787019879938, 'acc': 0.35978835978835977}, ('mondrian', 109): {'dm': 0.8333333333333334, 'cm': 0.4435612082670906, 'entropy': 0.4467160952468585, 'acc': 0.37037037037037035}, ('datafly', 110): {'dm': 0.3333333333333333, 'cm': 0.5384207737148914, 'entropy': 0.810329819545365, 'acc': 0.3201058201058201}, ('mondrian', 110): {'dm': 0.8, 'cm': 0.4292527821939587, 'entropy': 0.45197710924345835, 'acc': 0.3968253968253968}, ('datafly', 111): {'dm': 0.4666666666666667, 'cm': 0.5320614732379438, 'entropy': 0.6623937954308056, 'acc': 0.37037037037037035}, ('mondrian', 111): {'dm': 0.8, 'cm': 0.4430312665606783, 'entropy': 0.5017961377653369, 'acc': 0.42063492063492064}, ('datafly', 112): {'dm': 0.4666666666666667, 'cm': 0.5654478007419184, 'entropy': 0.6492411598622022, 'acc': 0.4021164021164021}, ('mondrian', 112): {'dm': 0.8, 'cm': 0.4239533651298357, 'entropy': 0.45025381861241853, 'acc': 0.40476190476190477}, ('datafly', 113): {'dm': 0.4666666666666667, 'cm': 0.5320614732379438, 'entropy': 0.6885179906877762, 'acc': 0.37037037037037035}, ('mondrian', 113): {'dm': 0.8333333333333334, 'cm': 0.42342342342342343, 'entropy': 0.4622280162538666, 'acc': 0.3492063492063492}, ('datafly', 114): {'dm': 0.3333333333333333, 'cm': 0.5818759936406995, 'entropy': 0.784410284456158, 'acc': 0.3492063492063492}, ('mondrian', 114): {'dm': 0.8666666666666667, 'cm': 0.4175940646528882, 'entropy': 0.45731263878212414, 'acc': 0.34656084656084657}, ('datafly', 115): {'dm': 0.4666666666666667, 'cm': 0.5633280339162692, 'entropy': 0.6816638378444373, 'acc': 0.36772486772486773}, ('mondrian', 115): {'dm': 0.7666666666666667, 'cm': 0.4605193428722841, 'entropy': 0.5289451877390897, 'acc': 0.35714285714285715}, ('datafly', 116): {'dm': 0.4666666666666667, 'cm': 0.5564387917329093, 'entropy': 0.6787346926766302, 'acc': 0.41534391534391535}, ('mondrian', 116): {'dm': 0.8, 'cm': 0.45098039215686275, 'entropy': 0.44771205086642757, 'acc': 0.36772486772486773}, ('datafly', 117): {'dm': 0.3333333333333333, 'cm': 0.5320614732379438, 'entropy': 0.7563242790372708, 'acc': 0.41798941798941797}, ('mondrian', 117): {'dm': 0.8333333333333334, 'cm': 0.45257021727609964, 'entropy': 0.4810411712276099, 'acc': 0.3544973544973545}, ('datafly', 118): {'dm': 0.3333333333333333, 'cm': 0.5320614732379438, 'entropy': 0.7563242790372708, 'acc': 0.42857142857142855}, ('mondrian', 118): {'dm': 0.8333333333333334, 'cm': 0.44038155802861684, 'entropy': 0.41863866721403203, 'acc': 0.4470899470899471}, ('datafly', 119): {'dm': 0.3333333333333333, 'cm': 0.5744568097509274, 'entropy': 0.7839582228002334, 'acc': 0.3253968253968254}, ('mondrian', 119): {'dm': 0.8333333333333334, 'cm': 0.43190249072602016, 'entropy': 0.37709819222094754, 'acc': 0.35185185185185186}, ('datafly', 120): {'dm': 0.4, 'cm': 0.5527291997880233, 'entropy': 0.7299176734879087, 'acc': 0.3386243386243386}, ('mondrian', 120): {'dm': 0.8, 'cm': 0.4069952305246423, 'entropy': 0.3840297055712087, 'acc': 0.40476190476190477}, ('datafly', 121): {'dm': 0.4666666666666667, 'cm': 0.5707472178060413, 'entropy': 0.7297560341808135, 'acc': 0.36507936507936506}, ('mondrian', 121): {'dm': 0.8333333333333334, 'cm': 0.442501324854266, 'entropy': 0.43131632330628406, 'acc': 0.41005291005291006}, ('datafly', 122): {'dm': 0.2, 'cm': 0.5866454689984102, 'entropy': 0.8374476140849348, 'acc': 0.3915343915343915}, ('mondrian', 122): {'dm': 0.8333333333333334, 'cm': 0.4912559618441971, 'entropy': 0.5455553199054207, 'acc': 0.335978835978836}, ('datafly', 123): {'dm': 0.3333333333333333, 'cm': 0.5744568097509274, 'entropy': 0.7839582228002334, 'acc': 0.3412698412698413}, ('mondrian', 123): {'dm': 0.8, 'cm': 0.4430312665606783, 'entropy': 0.4289891136139221, 'acc': 0.4074074074074074}, ('datafly', 124): {'dm': 0.3333333333333333, 'cm': 0.5728669846316905, 'entropy': 0.7431816448485326, 'acc': 0.3783068783068783}, ('mondrian', 124): {'dm': 0.8666666666666667, 'cm': 0.4446210916799152, 'entropy': 0.4788932040807719, 'acc': 0.35978835978835977}, ('datafly', 125): {'dm': 0.4, 'cm': 0.548489666136725, 'entropy': 0.7279807369474487, 'acc': 0.3783068783068783}, ('mondrian', 125): {'dm': 0.8, 'cm': 0.4626391096979332, 'entropy': 0.5110290555356568, 'acc': 0.41534391534391535}, ('datafly', 126): {'dm': 0.4, 'cm': 0.5458399576046635, 'entropy': 0.7811640790671242, 'acc': 0.29894179894179895}, ('mondrian', 126): {'dm': 0.8333333333333334, 'cm': 0.3969263381028087, 'entropy': 0.4134844214405226, 'acc': 0.35185185185185186}, ('datafly', 127): {'dm': 0.4, 'cm': 0.5458399576046635, 'entropy': 0.7808923221159816, 'acc': 0.4021164021164021}, ('mondrian', 127): {'dm': 0.8333333333333334, 'cm': 0.3815580286168522, 'entropy': 0.30957734050329533, 'acc': 0.5132275132275133}, ('datafly', 128): {'dm': 0.4666666666666667, 'cm': 0.5691573926868044, 'entropy': 0.6927324828982574, 'acc': 0.4074074074074074}, ('mondrian', 128): {'dm': 0.8333333333333334, 'cm': 0.46952835188129305, 'entropy': 0.5011018231804378, 'acc': 0.3412698412698413}, ('datafly', 129): {'dm': 0.4666666666666667, 'cm': 0.5633280339162692, 'entropy': 0.7204345598066018, 'acc': 0.35978835978835977}, ('mondrian', 129): {'dm': 0.8, 'cm': 0.4303126656067833, 'entropy': 0.43869558466314573, 'acc': 0.3544973544973545}, ('datafly', 130): {'dm': 0.3333333333333333, 'cm': 0.5744568097509274, 'entropy': 0.8029201196499012, 'acc': 0.328042328042328}, ('mondrian', 130): {'dm': 0.8, 'cm': 0.37042925278219396, 'entropy': 0.32728769628900534, 'acc': 0.4497354497354497}, ('datafly', 131): {'dm': 0.3333333333333333, 'cm': 0.5749867514573397, 'entropy': 0.7853832271680281, 'acc': 0.373015873015873}, ('mondrian', 131): {'dm': 0.8333333333333334, 'cm': 0.4255431902490726, 'entropy': 0.4299371586449699, 'acc': 0.3783068783068783}, ('datafly', 132): {'dm': 0.4, 'cm': 0.5527291997880233, 'entropy': 0.7174304906702041, 'acc': 0.35714285714285715}, ('mondrian', 132): {'dm': 0.8333333333333334, 'cm': 0.4578696343402226, 'entropy': 0.428058399141128, 'acc': 0.42857142857142855}, ('datafly', 133): {'dm': 0.3333333333333333, 'cm': 0.5744568097509274, 'entropy': 0.7920787019879938, 'acc': 0.35714285714285715}, ('mondrian', 133): {'dm': 0.8, 'cm': 0.42342342342342343, 'entropy': 0.4224270927012758, 'acc': 0.37566137566137564}, ('datafly', 134): {'dm': 0.4, 'cm': 0.5643879173290938, 'entropy': 0.7258651200126227, 'acc': 0.373015873015873}, ('mondrian', 134): {'dm': 0.8333333333333334, 'cm': 0.4276629570747218, 'entropy': 0.4147757482087233, 'acc': 0.36772486772486773}, ('datafly', 135): {'dm': 0.3333333333333333, 'cm': 0.5818759936406995, 'entropy': 0.8050947787320826, 'acc': 0.4021164021164021}, ('mondrian', 135): {'dm': 0.8333333333333334, 'cm': 0.4122946475887652, 'entropy': 0.40223383744262775, 'acc': 0.46296296296296297}, ('datafly', 136): {'dm': 0.3333333333333333, 'cm': 0.5945945945945946, 'entropy': 0.8739613949044588, 'acc': 0.36243386243386244}, ('mondrian', 136): {'dm': 0.8333333333333334, 'cm': 0.43243243243243246, 'entropy': 0.44379248858753106, 'acc': 0.3783068783068783}, ('datafly', 137): {'dm': 0.3333333333333333, 'cm': 0.5728669846316905, 'entropy': 0.7431816448485326, 'acc': 0.35185185185185186}, ('mondrian', 137): {'dm': 0.9, 'cm': 0.4255431902490726, 'entropy': 0.39230988776822096, 'acc': 0.4576719576719577}, ('datafly', 138): {'dm': 0.4666666666666667, 'cm': 0.5553789083200847, 'entropy': 0.6922993475046771, 'acc': 0.35714285714285715}, ('mondrian', 138): {'dm': 0.8, 'cm': 0.429782723900371, 'entropy': 0.4284070952643619, 'acc': 0.373015873015873}, ('datafly', 139): {'dm': 0.3333333333333333, 'cm': 0.5744568097509274, 'entropy': 0.8029201196499012, 'acc': 0.335978835978836}, ('mondrian', 139): {'dm': 0.8333333333333334, 'cm': 0.41017488076311603, 'entropy': 0.3792257588729569, 'acc': 0.43386243386243384}, ('datafly', 140): {'dm': 0.4, 'cm': 0.5527291997880233, 'entropy': 0.7788166291577687, 'acc': 0.3386243386243386}, ('mondrian', 140): {'dm': 0.7666666666666667, 'cm': 0.40487546369899313, 'entropy': 0.419268451663681, 'acc': 0.36507936507936506}, ('datafly', 141): {'dm': 0.3333333333333333, 'cm': 0.5606783253842077, 'entropy': 0.7443367559962903, 'acc': 0.3835978835978836}, ('mondrian', 141): {'dm': 0.8666666666666667, 'cm': 0.42236354001059884, 'entropy': 0.39944042466534563, 'acc': 0.455026455026455}, ('datafly', 142): {'dm': 0.4666666666666667, 'cm': 0.4970853206147324, 'entropy': 0.6952314806061799, 'acc': 0.31746031746031744}, ('mondrian', 142): {'dm': 0.8, 'cm': 0.424483306836248, 'entropy': 0.47657532116640383, 'acc': 0.41534391534391535}, ('datafly', 143): {'dm': 0.3333333333333333, 'cm': 0.5834658187599364, 'entropy': 0.8282228205862087, 'acc': 0.35185185185185186}, ('mondrian', 143): {'dm': 0.8333333333333334, 'cm': 0.4255431902490726, 'entropy': 0.4117107670760203, 'acc': 0.3862433862433862}, ('datafly', 144): {'dm': 0.3333333333333333, 'cm': 0.5686274509803921, 'entropy': 0.7496340113381967, 'acc': 0.41534391534391535}, ('mondrian', 144): {'dm': 0.8, 'cm': 0.3963963963963964, 'entropy': 0.3739085602107606, 'acc': 0.47883597883597884}, ('datafly', 145): {'dm': 0.3333333333333333, 'cm': 0.5834658187599364, 'entropy': 0.8282228205862087, 'acc': 0.3888888888888889}, ('mondrian', 145): {'dm': 0.8666666666666667, 'cm': 0.4578696343402226, 'entropy': 0.4480845455268243, 'acc': 0.4021164021164021}, ('datafly', 146): {'dm': 0.3333333333333333, 'cm': 0.5744568097509274, 'entropy': 0.7839582228002334, 'acc': 0.3201058201058201}, ('mondrian', 146): {'dm': 0.8, 'cm': 0.4652888182299947, 'entropy': 0.48267707496407236, 'acc': 0.3888888888888889}, ('datafly', 147): {'dm': 0.4666666666666667, 'cm': 0.5633280339162692, 'entropy': 0.6815241059227821, 'acc': 0.3941798941798942}, ('mondrian', 147): {'dm': 0.8666666666666667, 'cm': 0.41070482246952833, 'entropy': 0.4195289057769867, 'acc': 0.3492063492063492}, ('datafly', 148): {'dm': 0.3333333333333333, 'cm': 0.5744568097509274, 'entropy': 0.7920787019879938, 'acc': 0.3439153439153439}, ('mondrian', 148): {'dm': 0.8666666666666667, 'cm': 0.44886062533121357, 'entropy': 0.46350730669671986, 'acc': 0.42063492063492064}, ('datafly', 149): {'dm': 0.3333333333333333, 'cm': 0.5320614732379438, 'entropy': 0.7563242790372708, 'acc': 0.3862433862433862}, ('mondrian', 149): {'dm': 0.8, 'cm': 0.4350821409644939, 'entropy': 0.41319100891380195, 'acc': 0.3412698412698413}, ('datafly', 150): {'dm': 0.4, 'cm': 0.5527291997880233, 'entropy': 0.757996640215887, 'acc': 0.335978835978836}, ('mondrian', 150): {'dm': 0.8333333333333334, 'cm': 0.424483306836248, 'entropy': 0.37482968385966275, 'acc': 0.41534391534391535}, ('datafly', 151): {'dm': 0.4, 'cm': 0.5527291997880233, 'entropy': 0.7598547323081009, 'acc': 0.43386243386243384}, ('mondrian', 151): {'dm': 0.8666666666666667, 'cm': 0.4250132485426603, 'entropy': 0.4355202889957484, 'acc': 0.35978835978835977}, ('datafly', 152): {'dm': 0.3333333333333333, 'cm': 0.5728669846316905, 'entropy': 0.7431816448485326, 'acc': 0.38095238095238093}, ('mondrian', 152): {'dm': 0.8666666666666667, 'cm': 0.4419713831478537, 'entropy': 0.4748500418317545, 'acc': 0.3386243386243386}, ('datafly', 153): {'dm': 0.3333333333333333, 'cm': 0.5659777424483307, 'entropy': 0.7546295670198829, 'acc': 0.3862433862433862}, ('mondrian', 153): {'dm': 0.8666666666666667, 'cm': 0.42077371489136195, 'entropy': 0.44471467892940514, 'acc': 0.32275132275132273}, ('datafly', 154): {'dm': 0.4666666666666667, 'cm': 0.4970853206147324, 'entropy': 0.7304865490762952, 'acc': 0.3201058201058201}, ('mondrian', 154): {'dm': 0.8666666666666667, 'cm': 0.4350821409644939, 'entropy': 0.464667164982228, 'acc': 0.31216931216931215}, ('datafly', 155): {'dm': 0.4, 'cm': 0.5458399576046635, 'entropy': 0.7619304252663136, 'acc': 0.3862433862433862}, ('mondrian', 155): {'dm': 0.7666666666666667, 'cm': 0.43084260731319557, 'entropy': 0.4142387509974174, 'acc': 0.4576719576719577}, ('datafly', 156): {'dm': 0.4, 'cm': 0.5458399576046635, 'entropy': 0.7703226614052165, 'acc': 0.3148148148148148}, ('mondrian', 156): {'dm': 0.8666666666666667, 'cm': 0.442501324854266, 'entropy': 0.4446489207557472, 'acc': 0.42857142857142855}, ('datafly', 157): {'dm': 0.3333333333333333, 'cm': 0.5606783253842077, 'entropy': 0.7544172462701624, 'acc': 0.3994708994708995}, ('mondrian', 157): {'dm': 0.8666666666666667, 'cm': 0.4175940646528882, 'entropy': 0.44185721957576957, 'acc': 0.4656084656084656}, ('datafly', 158): {'dm': 0.4666666666666667, 'cm': 0.5691573926868044, 'entropy': 0.736441957086941, 'acc': 0.3968253968253968}, ('mondrian', 158): {'dm': 0.8333333333333334, 'cm': 0.44992050874403816, 'entropy': 0.44925633437231893, 'acc': 0.4365079365079365}, ('datafly', 159): {'dm': 0.4, 'cm': 0.5458399576046635, 'entropy': 0.7816911092181804, 'acc': 0.30952380952380953}, ('mondrian', 159): {'dm': 0.7666666666666667, 'cm': 0.44091149973502913, 'entropy': 0.4607759893611024, 'acc': 0.3941798941798942}, ('datafly', 160): {'dm': 0.3333333333333333, 'cm': 0.5728669846316905, 'entropy': 0.7431816448485326, 'acc': 0.373015873015873}, ('mondrian', 160): {'dm': 0.8, 'cm': 0.4144144144144144, 'entropy': 0.4210191760251195, 'acc': 0.3201058201058201}, ('datafly', 161): {'dm': 0.4666666666666667, 'cm': 0.5553789083200847, 'entropy': 0.6922993475046771, 'acc': 0.3544973544973545}, ('mondrian', 161): {'dm': 0.8666666666666667, 'cm': 0.4276629570747218, 'entropy': 0.41497860979659873, 'acc': 0.4523809523809524}, ('datafly', 162): {'dm': 0.4, 'cm': 0.5458399576046635, 'entropy': 0.7619304252663136, 'acc': 0.3333333333333333}, ('mondrian', 162): {'dm': 0.8, 'cm': 0.43084260731319557, 'entropy': 0.5121482410500557, 'acc': 0.35185185185185186}, ('datafly', 163): {'dm': 0.3333333333333333, 'cm': 0.5786963434022258, 'entropy': 0.7827932944230968, 'acc': 0.36507936507936506}, ('mondrian', 163): {'dm': 0.8, 'cm': 0.43667196608373077, 'entropy': 0.4387299823398788, 'acc': 0.4973544973544973}, ('datafly', 164): {'dm': 0.3333333333333333, 'cm': 0.5659777424483307, 'entropy': 0.7526323310718299, 'acc': 0.42063492063492064}, ('mondrian', 164): {'dm': 0.8333333333333334, 'cm': 0.424483306836248, 'entropy': 0.4579688610685091, 'acc': 0.47883597883597884}, ('datafly', 165): {'dm': 0.3333333333333333, 'cm': 0.5384207737148914, 'entropy': 0.8115726868531419, 'acc': 0.3201058201058201}, ('mondrian', 165): {'dm': 0.8, 'cm': 0.39162692103868574, 'entropy': 0.3865395016089777, 'acc': 0.3994708994708995}, ('datafly', 166): {'dm': 0.4666666666666667, 'cm': 0.5320614732379438, 'entropy': 0.6629204053026346, 'acc': 0.3941798941798942}, ('mondrian', 166): {'dm': 0.8333333333333334, 'cm': 0.5098039215686274, 'entropy': 0.5258112961115293, 'acc': 0.3888888888888889}, ('datafly', 167): {'dm': 0.4, 'cm': 0.5930047694753577, 'entropy': 0.7930281662825406, 'acc': 0.31216931216931215}, ('mondrian', 167): {'dm': 0.7333333333333333, 'cm': 0.429782723900371, 'entropy': 0.4661428555253425, 'acc': 0.36507936507936506}, ('datafly', 168): {'dm': 0.4, 'cm': 0.5930047694753577, 'entropy': 0.7930281662825406, 'acc': 0.3253968253968254}, ('mondrian', 168): {'dm': 0.8, 'cm': 0.4165341812400636, 'entropy': 0.5157782208190689, 'acc': 0.3201058201058201}, ('datafly', 169): {'dm': 0.3333333333333333, 'cm': 0.5320614732379438, 'entropy': 0.7563242790372708, 'acc': 0.41534391534391535}, ('mondrian', 169): {'dm': 0.8333333333333334, 'cm': 0.43190249072602016, 'entropy': 0.4366777592295399, 'acc': 0.35978835978835977}, ('datafly', 170): {'dm': 0.4666666666666667, 'cm': 0.5553789083200847, 'entropy': 0.7064957820185369, 'acc': 0.3783068783068783}, ('mondrian', 170): {'dm': 0.8, 'cm': 0.4165341812400636, 'entropy': 0.4160826152166929, 'acc': 0.4470899470899471}, ('datafly', 171): {'dm': 0.4666666666666667, 'cm': 0.5320614732379438, 'entropy': 0.6879913808159471, 'acc': 0.37566137566137564}, ('mondrian', 171): {'dm': 0.8666666666666667, 'cm': 0.4165341812400636, 'entropy': 0.4045345752228725, 'acc': 0.3994708994708995}, ('datafly', 172): {'dm': 0.3333333333333333, 'cm': 0.5320614732379438, 'entropy': 0.7565960359884133, 'acc': 0.3862433862433862}, ('mondrian', 172): {'dm': 0.8333333333333334, 'cm': 0.40805511393746685, 'entropy': 0.39911086110619187, 'acc': 0.43386243386243384}, ('datafly', 173): {'dm': 0.3333333333333333, 'cm': 0.5744568097509274, 'entropy': 0.7920787019879938, 'acc': 0.3306878306878307}, ('mondrian', 173): {'dm': 0.8333333333333334, 'cm': 0.40805511393746685, 'entropy': 0.4509883223723607, 'acc': 0.3544973544973545}, ('datafly', 174): {'dm': 0.4, 'cm': 0.5458399576046635, 'entropy': 0.7816911092181804, 'acc': 0.3148148148148148}, ('mondrian', 174): {'dm': 0.8, 'cm': 0.41865394806571277, 'entropy': 0.3932591244991826, 'acc': 0.3835978835978836}, ('datafly', 175): {'dm': 0.4, 'cm': 0.5527291997880233, 'entropy': 0.7788166291577687, 'acc': 0.35978835978835977}, ('mondrian', 175): {'dm': 0.7333333333333333, 'cm': 0.4854266030736619, 'entropy': 0.5424728174142894, 'acc': 0.328042328042328}, ('datafly', 176): {'dm': 0.4, 'cm': 0.5930047694753577, 'entropy': 0.8186084211169234, 'acc': 0.3386243386243386}, ('mondrian', 176): {'dm': 0.8, 'cm': 0.40858505564387915, 'entropy': 0.3941131697675926, 'acc': 0.48412698412698413}, ('datafly', 177): {'dm': 0.4, 'cm': 0.5527291997880233, 'entropy': 0.7174304906702041, 'acc': 0.3439153439153439}, ('mondrian', 177): {'dm': 0.8666666666666667, 'cm': 0.42077371489136195, 'entropy': 0.4385511704673874, 'acc': 0.3544973544973545}, ('datafly', 178): {'dm': 0.4, 'cm': 0.5458399576046635, 'entropy': 0.7808923221159816, 'acc': 0.35978835978835977}, ('mondrian', 178): {'dm': 0.8333333333333334, 'cm': 0.4631690514043455, 'entropy': 0.49997100745677436, 'acc': 0.41005291005291006}, ('datafly', 179): {'dm': 0.3333333333333333, 'cm': 0.5728669846316905, 'entropy': 0.7431816448485326, 'acc': 0.37037037037037035}, ('mondrian', 179): {'dm': 0.8, 'cm': 0.40964493905670374, 'entropy': 0.3613012719390809, 'acc': 0.46825396825396826}, ('datafly', 180): {'dm': 0.3333333333333333, 'cm': 0.5728669846316905, 'entropy': 0.7431816448485326, 'acc': 0.3783068783068783}, ('mondrian', 180): {'dm': 0.8333333333333334, 'cm': 0.40805511393746685, 'entropy': 0.3596500664350464, 'acc': 0.41005291005291006}, ('datafly', 181): {'dm': 0.4666666666666667, 'cm': 0.5320614732379438, 'entropy': 0.6621222551917455, 'acc': 0.3888888888888889}, ('mondrian', 181): {'dm': 0.8666666666666667, 'cm': 0.40858505564387915, 'entropy': 0.4303670207916501, 'acc': 0.40476190476190477}, ('datafly', 182): {'dm': 0.4666666666666667, 'cm': 0.5691573926868044, 'entropy': 0.7008038346543197, 'acc': 0.3862433862433862}, ('mondrian', 182): {'dm': 0.8333333333333334, 'cm': 0.4419713831478537, 'entropy': 0.44346725005267834, 'acc': 0.42063492063492064}, ('datafly', 183): {'dm': 0.3333333333333333, 'cm': 0.5659777424483307, 'entropy': 0.7527720629934852, 'acc': 0.35978835978835977}, ('mondrian', 183): {'dm': 0.8333333333333334, 'cm': 0.4663487016428193, 'entropy': 0.5060078212978796, 'acc': 0.335978835978836}, ('datafly', 184): {'dm': 0.3333333333333333, 'cm': 0.5659777424483307, 'entropy': 0.7546295670198829, 'acc': 0.4074074074074074}, ('mondrian', 184): {'dm': 0.8, 'cm': 0.4780074191838898, 'entropy': 0.5167107077147296, 'acc': 0.455026455026455}, ('datafly', 185): {'dm': 0.3333333333333333, 'cm': 0.5320614732379438, 'entropy': 0.7571230661394696, 'acc': 0.3862433862433862}, ('mondrian', 185): {'dm': 0.8333333333333334, 'cm': 0.4440911499735029, 'entropy': 0.4365085939421134, 'acc': 0.4365079365079365}, ('datafly', 186): {'dm': 0.3333333333333333, 'cm': 0.5659777424483307, 'entropy': 0.7546295670198829, 'acc': 0.4074074074074074}, ('mondrian', 186): {'dm': 0.8, 'cm': 0.424483306836248, 'entropy': 0.4853622745081055, 'acc': 0.36243386243386244}, ('datafly', 187): {'dm': 0.3333333333333333, 'cm': 0.5749867514573397, 'entropy': 0.7637066165458866, 'acc': 0.38095238095238093}, ('mondrian', 187): {'dm': 0.8333333333333334, 'cm': 0.40434552199258084, 'entropy': 0.36442207653208264, 'acc': 0.4973544973544973}, ('datafly', 188): {'dm': 0.3333333333333333, 'cm': 0.5320614732379438, 'entropy': 0.7563242790372708, 'acc': 0.41534391534391535}, ('mondrian', 188): {'dm': 0.8, 'cm': 0.4160042395336513, 'entropy': 0.3790889708903694, 'acc': 0.49206349206349204}, ('datafly', 189): {'dm': 0.3333333333333333, 'cm': 0.5728669846316905, 'entropy': 0.7431816448485326, 'acc': 0.37037037037037035}, ('mondrian', 189): {'dm': 0.8333333333333334, 'cm': 0.3995760466348702, 'entropy': 0.4514935675591238, 'acc': 0.3835978835978836}, ('datafly', 190): {'dm': 0.4, 'cm': 0.5527291997880233, 'entropy': 0.776958537065555, 'acc': 0.35714285714285715}, ('mondrian', 190): {'dm': 0.8333333333333334, 'cm': 0.4631690514043455, 'entropy': 0.45715930739817134, 'acc': 0.4523809523809524}, ('datafly', 191): {'dm': 0.2, 'cm': 0.5866454689984102, 'entropy': 0.8374476140849348, 'acc': 0.3915343915343915}, ('mondrian', 191): {'dm': 0.8, 'cm': 0.40116587175410706, 'entropy': 0.37667606518029956, 'acc': 0.4523809523809524}, ('datafly', 192): {'dm': 0.3333333333333333, 'cm': 0.5818759936406995, 'entropy': 0.7663029082181748, 'acc': 0.373015873015873}, ('mondrian', 192): {'dm': 0.8333333333333334, 'cm': 0.40381558028616854, 'entropy': 0.40869046410107523, 'acc': 0.42328042328042326}, ('datafly', 193): {'dm': 0.3333333333333333, 'cm': 0.5320614732379438, 'entropy': 0.7563242790372708, 'acc': 0.42857142857142855}, ('mondrian', 193): {'dm': 0.7666666666666667, 'cm': 0.4430312665606783, 'entropy': 0.42886424940195356, 'acc': 0.4021164021164021}, ('datafly', 194): {'dm': 0.3333333333333333, 'cm': 0.5728669846316905, 'entropy': 0.7431816448485326, 'acc': 0.3783068783068783}, ('mondrian', 194): {'dm': 0.8666666666666667, 'cm': 0.43084260731319557, 'entropy': 0.39586776027962084, 'acc': 0.48412698412698413}, ('datafly', 195): {'dm': 0.3333333333333333, 'cm': 0.5834658187599364, 'entropy': 0.8282228205862087, 'acc': 0.3386243386243386}, ('mondrian', 195): {'dm': 0.8333333333333334, 'cm': 0.4260731319554849, 'entropy': 0.45004532216606513, 'acc': 0.3994708994708995}, ('datafly', 196): {'dm': 0.4666666666666667, 'cm': 0.5633280339162692, 'entropy': 0.7204345598066018, 'acc': 0.328042328042328}, ('mondrian', 196): {'dm': 0.8333333333333334, 'cm': 0.4742978272390037, 'entropy': 0.4678267650115864, 'acc': 0.4021164021164021}, ('datafly', 197): {'dm': 0.4666666666666667, 'cm': 0.5633280339162692, 'entropy': 0.7202948278849465, 'acc': 0.3968253968253968}, ('mondrian', 197): {'dm': 0.8333333333333334, 'cm': 0.43190249072602016, 'entropy': 0.43349192939625514, 'acc': 0.4417989417989418}, ('datafly', 198): {'dm': 0.2, 'cm': 0.5866454689984102, 'entropy': 0.8374476140849348, 'acc': 0.3915343915343915}, ('mondrian', 198): {'dm': 0.8333333333333334, 'cm': 0.42077371489136195, 'entropy': 0.4850478363855301, 'acc': 0.3835978835978836}, ('datafly', 199): {'dm': 0.4666666666666667, 'cm': 0.5633280339162692, 'entropy': 0.7204345598066018, 'acc': 0.35978835978835977}, ('mondrian', 199): {'dm': 0.7666666666666667, 'cm': 0.43826179120296765, 'entropy': 0.4047505561490572, 'acc': 0.3439153439153439}, ('datafly', 200): {'dm': 0.4, 'cm': 0.5527291997880233, 'entropy': 0.7598547323081009, 'acc': 0.3201058201058201}, ('mondrian', 200): {'dm': 0.8, 'cm': 0.44939056703762587, 'entropy': 0.4811108869972614, 'acc': 0.3386243386243386}}
